Analysis & Synthesis report for exercise2
Mon Jul 10 21:23:53 2023
Quartus II 64-Bit Version 13.1.0 Build 162 10/23/2013 SJ Full Version


---------------------
; Table of Contents ;
---------------------
  1. Legal Notice
  2. Analysis & Synthesis Summary
  3. Analysis & Synthesis Settings
  4. Parallel Compilation
  5. Analysis & Synthesis Source Files Read
  6. Analysis & Synthesis Resource Usage Summary
  7. Analysis & Synthesis Resource Utilization by Entity
  8. General Register Statistics
  9. Inverted Register Statistics
 10. Multiplexer Restructuring Statistics (Restructuring Performed)
 11. Parameter Settings for User Entity Instance: Top-level Entity: |exercise2
 12. Parameter Settings for User Entity Instance: FrequencyDivider50MHz:comb_9
 13. Parameter Settings for Inferred Entity Instance: lpm_divide:Mod2
 14. Parameter Settings for Inferred Entity Instance: lpm_divide:Div2
 15. Parameter Settings for Inferred Entity Instance: lpm_divide:Mod1
 16. Parameter Settings for Inferred Entity Instance: lpm_divide:Div1
 17. Parameter Settings for Inferred Entity Instance: lpm_divide:Mod0
 18. Parameter Settings for Inferred Entity Instance: lpm_divide:Div0
 19. Elapsed Time Per Partition
 20. Analysis & Synthesis Messages
 21. Analysis & Synthesis Suppressed Messages



----------------
; Legal Notice ;
----------------
Copyright (C) 1991-2013 Altera Corporation
Your use of Altera Corporation's design tools, logic functions 
and other software and tools, and its AMPP partner logic 
functions, and any output files from any of the foregoing 
(including device programming or simulation files), and any 
associated documentation or information are expressly subject 
to the terms and conditions of the Altera Program License 
Subscription Agreement, Altera MegaCore Function License 
Agreement, or other applicable license agreement, including, 
without limitation, that your use is for the sole purpose of 
programming logic devices manufactured by Altera and sold by 
Altera or its authorized distributors.  Please refer to the 
applicable agreement for further details.



+-------------------------------------------------------------------------------+
; Analysis & Synthesis Summary                                                  ;
+---------------------------------+---------------------------------------------+
; Analysis & Synthesis Status     ; Successful - Mon Jul 10 21:23:52 2023       ;
; Quartus II 64-Bit Version       ; 13.1.0 Build 162 10/23/2013 SJ Full Version ;
; Revision Name                   ; exercise2                                   ;
; Top-level Entity Name           ; exercise2                                   ;
; Family                          ; Cyclone V                                   ;
; Logic utilization (in ALMs)     ; N/A                                         ;
; Total registers                 ; 47                                          ;
; Total pins                      ; 53                                          ;
; Total virtual pins              ; 0                                           ;
; Total block memory bits         ; 0                                           ;
; Total DSP Blocks                ; 0                                           ;
; Total HSSI RX PCSs              ; 0                                           ;
; Total HSSI PMA RX Deserializers ; 0                                           ;
; Total HSSI TX PCSs              ; 0                                           ;
; Total HSSI TX Channels          ; 0                                           ;
; Total PLLs                      ; 0                                           ;
; Total DLLs                      ; 0                                           ;
+---------------------------------+---------------------------------------------+


+---------------------------------------------------------------------------------------------------------------------------+
; Analysis & Synthesis Settings                                                                                             ;
+---------------------------------------------------------------------------------+--------------------+--------------------+
; Option                                                                          ; Setting            ; Default Value      ;
+---------------------------------------------------------------------------------+--------------------+--------------------+
; Device                                                                          ; 5CSEMA5F31C6       ;                    ;
; Top-level entity name                                                           ; exercise2          ; exercise2          ;
; Family name                                                                     ; Cyclone V          ; Cyclone IV GX      ;
; Use smart compilation                                                           ; Off                ; Off                ;
; Enable parallel Assembler and TimeQuest Timing Analyzer during compilation      ; On                 ; On                 ;
; Enable compact report table                                                     ; Off                ; Off                ;
; Restructure Multiplexers                                                        ; Auto               ; Auto               ;
; MLAB Add Timing Constraints For Mixed-Port Feed-Through Mode Setting Don't Care ; Off                ; Off                ;
; Create Debugging Nodes for IP Cores                                             ; Off                ; Off                ;
; Preserve fewer node names                                                       ; On                 ; On                 ;
; Disable OpenCore Plus hardware evaluation                                       ; Off                ; Off                ;
; Verilog Version                                                                 ; Verilog_2001       ; Verilog_2001       ;
; VHDL Version                                                                    ; VHDL_1993          ; VHDL_1993          ;
; State Machine Processing                                                        ; Auto               ; Auto               ;
; Safe State Machine                                                              ; Off                ; Off                ;
; Extract Verilog State Machines                                                  ; On                 ; On                 ;
; Extract VHDL State Machines                                                     ; On                 ; On                 ;
; Ignore Verilog initial constructs                                               ; Off                ; Off                ;
; Iteration limit for constant Verilog loops                                      ; 5000               ; 5000               ;
; Iteration limit for non-constant Verilog loops                                  ; 250                ; 250                ;
; Add Pass-Through Logic to Inferred RAMs                                         ; On                 ; On                 ;
; Infer RAMs from Raw Logic                                                       ; On                 ; On                 ;
; Parallel Synthesis                                                              ; On                 ; On                 ;
; DSP Block Balancing                                                             ; Auto               ; Auto               ;
; NOT Gate Push-Back                                                              ; On                 ; On                 ;
; Power-Up Don't Care                                                             ; On                 ; On                 ;
; Remove Redundant Logic Cells                                                    ; Off                ; Off                ;
; Remove Duplicate Registers                                                      ; On                 ; On                 ;
; Ignore CARRY Buffers                                                            ; Off                ; Off                ;
; Ignore CASCADE Buffers                                                          ; Off                ; Off                ;
; Ignore GLOBAL Buffers                                                           ; Off                ; Off                ;
; Ignore ROW GLOBAL Buffers                                                       ; Off                ; Off                ;
; Ignore LCELL Buffers                                                            ; Off                ; Off                ;
; Ignore SOFT Buffers                                                             ; On                 ; On                 ;
; Limit AHDL Integers to 32 Bits                                                  ; Off                ; Off                ;
; Optimization Technique                                                          ; Balanced           ; Balanced           ;
; Carry Chain Length                                                              ; 70                 ; 70                 ;
; Auto Carry Chains                                                               ; On                 ; On                 ;
; Auto Open-Drain Pins                                                            ; On                 ; On                 ;
; Perform WYSIWYG Primitive Resynthesis                                           ; Off                ; Off                ;
; Auto ROM Replacement                                                            ; On                 ; On                 ;
; Auto RAM Replacement                                                            ; On                 ; On                 ;
; Auto DSP Block Replacement                                                      ; On                 ; On                 ;
; Auto Shift Register Replacement                                                 ; Auto               ; Auto               ;
; Allow Shift Register Merging across Hierarchies                                 ; Auto               ; Auto               ;
; Auto Clock Enable Replacement                                                   ; On                 ; On                 ;
; Strict RAM Replacement                                                          ; Off                ; Off                ;
; Allow Synchronous Control Signals                                               ; On                 ; On                 ;
; Force Use of Synchronous Clear Signals                                          ; Off                ; Off                ;
; Auto Resource Sharing                                                           ; Off                ; Off                ;
; Allow Any RAM Size For Recognition                                              ; Off                ; Off                ;
; Allow Any ROM Size For Recognition                                              ; Off                ; Off                ;
; Allow Any Shift Register Size For Recognition                                   ; Off                ; Off                ;
; Use LogicLock Constraints during Resource Balancing                             ; On                 ; On                 ;
; Ignore translate_off and synthesis_off directives                               ; Off                ; Off                ;
; Timing-Driven Synthesis                                                         ; On                 ; On                 ;
; Report Parameter Settings                                                       ; On                 ; On                 ;
; Report Source Assignments                                                       ; On                 ; On                 ;
; Report Connectivity Checks                                                      ; On                 ; On                 ;
; Ignore Maximum Fan-Out Assignments                                              ; Off                ; Off                ;
; Synchronization Register Chain Length                                           ; 3                  ; 3                  ;
; PowerPlay Power Optimization                                                    ; Normal compilation ; Normal compilation ;
; HDL message level                                                               ; Level2             ; Level2             ;
; Suppress Register Optimization Related Messages                                 ; Off                ; Off                ;
; Number of Removed Registers Reported in Synthesis Report                        ; 5000               ; 5000               ;
; Number of Swept Nodes Reported in Synthesis Report                              ; 5000               ; 5000               ;
; Number of Inverted Registers Reported in Synthesis Report                       ; 100                ; 100                ;
; Clock MUX Protection                                                            ; On                 ; On                 ;
; Auto Gated Clock Conversion                                                     ; Off                ; Off                ;
; Block Design Naming                                                             ; Auto               ; Auto               ;
; SDC constraint protection                                                       ; Off                ; Off                ;
; Synthesis Effort                                                                ; Auto               ; Auto               ;
; Shift Register Replacement - Allow Asynchronous Clear Signal                    ; On                 ; On                 ;
; Pre-Mapping Resynthesis Optimization                                            ; Off                ; Off                ;
; Analysis & Synthesis Message Level                                              ; Medium             ; Medium             ;
; Disable Register Merging Across Hierarchies                                     ; Auto               ; Auto               ;
; Resource Aware Inference For Block RAM                                          ; On                 ; On                 ;
; Synthesis Seed                                                                  ; 1                  ; 1                  ;
; Automatic Parallel Synthesis                                                    ; On                 ; On                 ;
+---------------------------------------------------------------------------------+--------------------+--------------------+


+------------------------------------------+
; Parallel Compilation                     ;
+----------------------------+-------------+
; Processors                 ; Number      ;
+----------------------------+-------------+
; Number detected on machine ; 8           ;
; Maximum allowed            ; 4           ;
;                            ;             ;
; Average used               ; 1.00        ;
; Maximum used               ; 1           ;
;                            ;             ;
; Usage by Processor         ; % Time Used ;
;     Processor 1            ; 100.0%      ;
;     Processors 2-8         ;   0.0%      ;
+----------------------------+-------------+


+------------------------------------------------------------------------------------------------------------------------------------------------------------------+
; Analysis & Synthesis Source Files Read                                                                                                                           ;
+----------------------------------+-----------------+------------------------------+--------------------------------------------------------------------+---------+
; File Name with User-Entered Path ; Used in Netlist ; File Type                    ; File Name with Absolute Path                                       ; Library ;
+----------------------------------+-----------------+------------------------------+--------------------------------------------------------------------+---------+
; exercise2.v                      ; yes             ; User Verilog HDL File        ; D:/AFPGA/EX2/exercise2.v                                           ;         ;
; lpm_divide.tdf                   ; yes             ; Megafunction                 ; d:/altera/13.1/quartus/libraries/megafunctions/lpm_divide.tdf      ;         ;
; abs_divider.inc                  ; yes             ; Megafunction                 ; d:/altera/13.1/quartus/libraries/megafunctions/abs_divider.inc     ;         ;
; sign_div_unsign.inc              ; yes             ; Megafunction                 ; d:/altera/13.1/quartus/libraries/megafunctions/sign_div_unsign.inc ;         ;
; aglobal131.inc                   ; yes             ; Megafunction                 ; d:/altera/13.1/quartus/libraries/megafunctions/aglobal131.inc      ;         ;
; db/lpm_divide_62m.tdf            ; yes             ; Auto-Generated Megafunction  ; D:/AFPGA/EX2/db/lpm_divide_62m.tdf                                 ;         ;
; db/sign_div_unsign_9kh.tdf       ; yes             ; Auto-Generated Megafunction  ; D:/AFPGA/EX2/db/sign_div_unsign_9kh.tdf                            ;         ;
; db/alt_u_div_ose.tdf             ; yes             ; Auto-Generated Megafunction  ; D:/AFPGA/EX2/db/alt_u_div_ose.tdf                                  ;         ;
; db/lpm_divide_3am.tdf            ; yes             ; Auto-Generated Megafunction  ; D:/AFPGA/EX2/db/lpm_divide_3am.tdf                                 ;         ;
; db/lpm_divide_52m.tdf            ; yes             ; Auto-Generated Megafunction  ; D:/AFPGA/EX2/db/lpm_divide_52m.tdf                                 ;         ;
; db/sign_div_unsign_8kh.tdf       ; yes             ; Auto-Generated Megafunction  ; D:/AFPGA/EX2/db/sign_div_unsign_8kh.tdf                            ;         ;
; db/alt_u_div_mse.tdf             ; yes             ; Auto-Generated Megafunction  ; D:/AFPGA/EX2/db/alt_u_div_mse.tdf                                  ;         ;
; db/lpm_divide_2am.tdf            ; yes             ; Auto-Generated Megafunction  ; D:/AFPGA/EX2/db/lpm_divide_2am.tdf                                 ;         ;
+----------------------------------+-----------------+------------------------------+--------------------------------------------------------------------+---------+


+-------------------------------------------------------------+
; Analysis & Synthesis Resource Usage Summary                 ;
+---------------------------------------------+---------------+
; Resource                                    ; Usage         ;
+---------------------------------------------+---------------+
; Estimate of Logic utilization (ALMs needed) ; 143           ;
;                                             ;               ;
; Combinational ALUT usage for logic          ; 264           ;
;     -- 7 input functions                    ; 0             ;
;     -- 6 input functions                    ; 21            ;
;     -- 5 input functions                    ; 18            ;
;     -- 4 input functions                    ; 39            ;
;     -- <=3 input functions                  ; 186           ;
;                                             ;               ;
; Dedicated logic registers                   ; 47            ;
;                                             ;               ;
; I/O pins                                    ; 53            ;
; Total DSP Blocks                            ; 0             ;
; Maximum fan-out node                        ; CLOCK50~input ;
; Maximum fan-out                             ; 27            ;
; Total fan-out                               ; 1075          ;
; Average fan-out                             ; 2.58          ;
+---------------------------------------------+---------------+


+--------------------------------------------------------------------------------------------------------------------------------------------------------------------------------------------------------------------------------------------------------------+
; Analysis & Synthesis Resource Utilization by Entity                                                                                                                                                                                                          ;
+----------------------------------------+-------------------+--------------+-------------------+------------+------+--------------+------------------------------------------------------------------------------------------------------------+--------------+
; Compilation Hierarchy Node             ; LC Combinationals ; LC Registers ; Block Memory Bits ; DSP Blocks ; Pins ; Virtual Pins ; Full Hierarchy Name                                                                                        ; Library Name ;
+----------------------------------------+-------------------+--------------+-------------------+------------+------+--------------+------------------------------------------------------------------------------------------------------------+--------------+
; |exercise2                             ; 264 (19)          ; 47 (9)       ; 0                 ; 0          ; 53   ; 0            ; |exercise2                                                                                                 ; work         ;
;    |FrequencyDivider50MHz:comb_9|      ; 33 (33)           ; 27 (27)      ; 0                 ; 0          ; 0    ; 0            ; |exercise2|FrequencyDivider50MHz:comb_9                                                                    ; work         ;
;    |hhh:comb_57|                       ; 8 (8)             ; 5 (5)        ; 0                 ; 0          ; 0    ; 0            ; |exercise2|hhh:comb_57                                                                                     ; work         ;
;    |lpm_divide:Div0|                   ; 17 (0)            ; 0 (0)        ; 0                 ; 0          ; 0    ; 0            ; |exercise2|lpm_divide:Div0                                                                                 ; work         ;
;       |lpm_divide_2am:auto_generated|  ; 17 (0)            ; 0 (0)        ; 0                 ; 0          ; 0    ; 0            ; |exercise2|lpm_divide:Div0|lpm_divide_2am:auto_generated                                                   ; work         ;
;          |sign_div_unsign_8kh:divider| ; 17 (0)            ; 0 (0)        ; 0                 ; 0          ; 0    ; 0            ; |exercise2|lpm_divide:Div0|lpm_divide_2am:auto_generated|sign_div_unsign_8kh:divider                       ; work         ;
;             |alt_u_div_mse:divider|    ; 17 (17)           ; 0 (0)        ; 0                 ; 0          ; 0    ; 0            ; |exercise2|lpm_divide:Div0|lpm_divide_2am:auto_generated|sign_div_unsign_8kh:divider|alt_u_div_mse:divider ; work         ;
;    |lpm_divide:Div1|                   ; 28 (0)            ; 0 (0)        ; 0                 ; 0          ; 0    ; 0            ; |exercise2|lpm_divide:Div1                                                                                 ; work         ;
;       |lpm_divide_3am:auto_generated|  ; 28 (0)            ; 0 (0)        ; 0                 ; 0          ; 0    ; 0            ; |exercise2|lpm_divide:Div1|lpm_divide_3am:auto_generated                                                   ; work         ;
;          |sign_div_unsign_9kh:divider| ; 28 (0)            ; 0 (0)        ; 0                 ; 0          ; 0    ; 0            ; |exercise2|lpm_divide:Div1|lpm_divide_3am:auto_generated|sign_div_unsign_9kh:divider                       ; work         ;
;             |alt_u_div_ose:divider|    ; 28 (28)           ; 0 (0)        ; 0                 ; 0          ; 0    ; 0            ; |exercise2|lpm_divide:Div1|lpm_divide_3am:auto_generated|sign_div_unsign_9kh:divider|alt_u_div_ose:divider ; work         ;
;    |lpm_divide:Div2|                   ; 27 (0)            ; 0 (0)        ; 0                 ; 0          ; 0    ; 0            ; |exercise2|lpm_divide:Div2                                                                                 ; work         ;
;       |lpm_divide_3am:auto_generated|  ; 27 (0)            ; 0 (0)        ; 0                 ; 0          ; 0    ; 0            ; |exercise2|lpm_divide:Div2|lpm_divide_3am:auto_generated                                                   ; work         ;
;          |sign_div_unsign_9kh:divider| ; 27 (0)            ; 0 (0)        ; 0                 ; 0          ; 0    ; 0            ; |exercise2|lpm_divide:Div2|lpm_divide_3am:auto_generated|sign_div_unsign_9kh:divider                       ; work         ;
;             |alt_u_div_ose:divider|    ; 27 (27)           ; 0 (0)        ; 0                 ; 0          ; 0    ; 0            ; |exercise2|lpm_divide:Div2|lpm_divide_3am:auto_generated|sign_div_unsign_9kh:divider|alt_u_div_ose:divider ; work         ;
;    |lpm_divide:Mod0|                   ; 21 (0)            ; 0 (0)        ; 0                 ; 0          ; 0    ; 0            ; |exercise2|lpm_divide:Mod0                                                                                 ; work         ;
;       |lpm_divide_52m:auto_generated|  ; 21 (0)            ; 0 (0)        ; 0                 ; 0          ; 0    ; 0            ; |exercise2|lpm_divide:Mod0|lpm_divide_52m:auto_generated                                                   ; work         ;
;          |sign_div_unsign_8kh:divider| ; 21 (0)            ; 0 (0)        ; 0                 ; 0          ; 0    ; 0            ; |exercise2|lpm_divide:Mod0|lpm_divide_52m:auto_generated|sign_div_unsign_8kh:divider                       ; work         ;
;             |alt_u_div_mse:divider|    ; 21 (21)           ; 0 (0)        ; 0                 ; 0          ; 0    ; 0            ; |exercise2|lpm_divide:Mod0|lpm_divide_52m:auto_generated|sign_div_unsign_8kh:divider|alt_u_div_mse:divider ; work         ;
;    |lpm_divide:Mod1|                   ; 32 (0)            ; 0 (0)        ; 0                 ; 0          ; 0    ; 0            ; |exercise2|lpm_divide:Mod1                                                                                 ; work         ;
;       |lpm_divide_62m:auto_generated|  ; 32 (0)            ; 0 (0)        ; 0                 ; 0          ; 0    ; 0            ; |exercise2|lpm_divide:Mod1|lpm_divide_62m:auto_generated                                                   ; work         ;
;          |sign_div_unsign_9kh:divider| ; 32 (0)            ; 0 (0)        ; 0                 ; 0          ; 0    ; 0            ; |exercise2|lpm_divide:Mod1|lpm_divide_62m:auto_generated|sign_div_unsign_9kh:divider                       ; work         ;
;             |alt_u_div_ose:divider|    ; 32 (32)           ; 0 (0)        ; 0                 ; 0          ; 0    ; 0            ; |exercise2|lpm_divide:Mod1|lpm_divide_62m:auto_generated|sign_div_unsign_9kh:divider|alt_u_div_ose:divider ; work         ;
;    |lpm_divide:Mod2|                   ; 31 (0)            ; 0 (0)        ; 0                 ; 0          ; 0    ; 0            ; |exercise2|lpm_divide:Mod2                                                                                 ; work         ;
;       |lpm_divide_62m:auto_generated|  ; 31 (0)            ; 0 (0)        ; 0                 ; 0          ; 0    ; 0            ; |exercise2|lpm_divide:Mod2|lpm_divide_62m:auto_generated                                                   ; work         ;
;          |sign_div_unsign_9kh:divider| ; 31 (0)            ; 0 (0)        ; 0                 ; 0          ; 0    ; 0            ; |exercise2|lpm_divide:Mod2|lpm_divide_62m:auto_generated|sign_div_unsign_9kh:divider                       ; work         ;
;             |alt_u_div_ose:divider|    ; 31 (31)           ; 0 (0)        ; 0                 ; 0          ; 0    ; 0            ; |exercise2|lpm_divide:Mod2|lpm_divide_62m:auto_generated|sign_div_unsign_9kh:divider|alt_u_div_ose:divider ; work         ;
;    |min:comb_56|                       ; 10 (10)           ; 6 (6)        ; 0                 ; 0          ; 0    ; 0            ; |exercise2|min:comb_56                                                                                     ; work         ;
;    |seven:comb_106|                    ; 7 (7)             ; 0 (0)        ; 0                 ; 0          ; 0    ; 0            ; |exercise2|seven:comb_106                                                                                  ; work         ;
;    |seven:comb_107|                    ; 7 (7)             ; 0 (0)        ; 0                 ; 0          ; 0    ; 0            ; |exercise2|seven:comb_107                                                                                  ; work         ;
;    |seven:comb_108|                    ; 7 (7)             ; 0 (0)        ; 0                 ; 0          ; 0    ; 0            ; |exercise2|seven:comb_108                                                                                  ; work         ;
;    |seven:comb_109|                    ; 7 (7)             ; 0 (0)        ; 0                 ; 0          ; 0    ; 0            ; |exercise2|seven:comb_109                                                                                  ; work         ;
;    |seven:comb_110|                    ; 3 (3)             ; 0 (0)        ; 0                 ; 0          ; 0    ; 0            ; |exercise2|seven:comb_110                                                                                  ; work         ;
;    |seven:comb_111|                    ; 7 (7)             ; 0 (0)        ; 0                 ; 0          ; 0    ; 0            ; |exercise2|seven:comb_111                                                                                  ; work         ;
+----------------------------------------+-------------------+--------------+-------------------+------------+------+--------------+------------------------------------------------------------------------------------------------------------+--------------+
Note: For table entries with two numbers listed, the numbers in parentheses indicate the number of resources of the given type used by the specific entity alone. The numbers listed outside of parentheses indicate the total resources of the given type used by the specific entity and all of its sub-entities in the hierarchy.


+------------------------------------------------------+
; General Register Statistics                          ;
+----------------------------------------------+-------+
; Statistic                                    ; Value ;
+----------------------------------------------+-------+
; Total registers                              ; 47    ;
; Number of registers using Synchronous Clear  ; 26    ;
; Number of registers using Synchronous Load   ; 0     ;
; Number of registers using Asynchronous Clear ; 19    ;
; Number of registers using Asynchronous Load  ; 0     ;
; Number of registers using Clock Enable       ; 11    ;
; Number of registers using Preset             ; 0     ;
+----------------------------------------------+-------+


+--------------------------------------------------+
; Inverted Register Statistics                     ;
+----------------------------------------+---------+
; Inverted Register                      ; Fan out ;
+----------------------------------------+---------+
; current[1]                             ; 13      ;
; Total number of inverted registers = 1 ;         ;
+----------------------------------------+---------+


+---------------------------------------------------------------------------------------------------------------------------------------------+
; Multiplexer Restructuring Statistics (Restructuring Performed)                                                                              ;
+--------------------+-----------+---------------+----------------------+------------------------+------------+-------------------------------+
; Multiplexer Inputs ; Bus Width ; Baseline Area ; Area if Restructured ; Saving if Restructured ; Registered ; Example Multiplexer Output    ;
+--------------------+-----------+---------------+----------------------+------------------------+------------+-------------------------------+
; 4:1                ; 6 bits    ; 12 LEs        ; 12 LEs               ; 0 LEs                  ; Yes        ; |exercise2|min:comb_56|out[1] ;
; 4:1                ; 5 bits    ; 10 LEs        ; 10 LEs               ; 0 LEs                  ; Yes        ; |exercise2|hhh:comb_57|out[0] ;
+--------------------+-----------+---------------+----------------------+------------------------+------------+-------------------------------+


+---------------------------------------------------------------------------+
; Parameter Settings for User Entity Instance: Top-level Entity: |exercise2 ;
+----------------+-------+--------------------------------------------------+
; Parameter Name ; Value ; Type                                             ;
+----------------+-------+--------------------------------------------------+
; IDLE           ; 00    ; Unsigned Binary                                  ;
; S0             ; 01    ; Unsigned Binary                                  ;
; S1             ; 10    ; Unsigned Binary                                  ;
+----------------+-------+--------------------------------------------------+
Note: In order to hide this table in the UI and the text report file, please set the "Show Parameter Settings in Synthesis Report" option in "Analysis and Synthesis Settings -> More Settings" to "Off".


+---------------------------------------------------------------------------+
; Parameter Settings for User Entity Instance: FrequencyDivider50MHz:comb_9 ;
+----------------+----------+-----------------------------------------------+
; Parameter Name ; Value    ; Type                                          ;
+----------------+----------+-----------------------------------------------+
; n              ; 25000000 ; Signed Integer                                ;
+----------------+----------+-----------------------------------------------+
Note: In order to hide this table in the UI and the text report file, please set the "Show Parameter Settings in Synthesis Report" option in "Analysis and Synthesis Settings -> More Settings" to "Off".


+------------------------------------------------------------------+
; Parameter Settings for Inferred Entity Instance: lpm_divide:Mod2 ;
+------------------------+----------------+------------------------+
; Parameter Name         ; Value          ; Type                   ;
+------------------------+----------------+------------------------+
; LPM_WIDTHN             ; 6              ; Untyped                ;
; LPM_WIDTHD             ; 4              ; Untyped                ;
; LPM_NREPRESENTATION    ; UNSIGNED       ; Untyped                ;
; LPM_DREPRESENTATION    ; UNSIGNED       ; Untyped                ;
; LPM_PIPELINE           ; 0              ; Untyped                ;
; LPM_REMAINDERPOSITIVE  ; TRUE           ; Untyped                ;
; MAXIMIZE_SPEED         ; 5              ; Untyped                ;
; CBXI_PARAMETER         ; lpm_divide_62m ; Untyped                ;
; CARRY_CHAIN            ; MANUAL         ; Untyped                ;
; OPTIMIZE_FOR_SPEED     ; 5              ; Untyped                ;
; AUTO_CARRY_CHAINS      ; ON             ; AUTO_CARRY             ;
; IGNORE_CARRY_BUFFERS   ; OFF            ; IGNORE_CARRY           ;
; AUTO_CASCADE_CHAINS    ; ON             ; AUTO_CASCADE           ;
; IGNORE_CASCADE_BUFFERS ; OFF            ; IGNORE_CASCADE         ;
+------------------------+----------------+------------------------+
Note: In order to hide this table in the UI and the text report file, please set the "Show Parameter Settings in Synthesis Report" option in "Analysis and Synthesis Settings -> More Settings" to "Off".


+------------------------------------------------------------------+
; Parameter Settings for Inferred Entity Instance: lpm_divide:Div2 ;
+------------------------+----------------+------------------------+
; Parameter Name         ; Value          ; Type                   ;
+------------------------+----------------+------------------------+
; LPM_WIDTHN             ; 6              ; Untyped                ;
; LPM_WIDTHD             ; 4              ; Untyped                ;
; LPM_NREPRESENTATION    ; UNSIGNED       ; Untyped                ;
; LPM_DREPRESENTATION    ; UNSIGNED       ; Untyped                ;
; LPM_PIPELINE           ; 0              ; Untyped                ;
; LPM_REMAINDERPOSITIVE  ; TRUE           ; Untyped                ;
; MAXIMIZE_SPEED         ; 5              ; Untyped                ;
; CBXI_PARAMETER         ; lpm_divide_3am ; Untyped                ;
; CARRY_CHAIN            ; MANUAL         ; Untyped                ;
; OPTIMIZE_FOR_SPEED     ; 5              ; Untyped                ;
; AUTO_CARRY_CHAINS      ; ON             ; AUTO_CARRY             ;
; IGNORE_CARRY_BUFFERS   ; OFF            ; IGNORE_CARRY           ;
; AUTO_CASCADE_CHAINS    ; ON             ; AUTO_CASCADE           ;
; IGNORE_CASCADE_BUFFERS ; OFF            ; IGNORE_CASCADE         ;
+------------------------+----------------+------------------------+
Note: In order to hide this table in the UI and the text report file, please set the "Show Parameter Settings in Synthesis Report" option in "Analysis and Synthesis Settings -> More Settings" to "Off".


+------------------------------------------------------------------+
; Parameter Settings for Inferred Entity Instance: lpm_divide:Mod1 ;
+------------------------+----------------+------------------------+
; Parameter Name         ; Value          ; Type                   ;
+------------------------+----------------+------------------------+
; LPM_WIDTHN             ; 6              ; Untyped                ;
; LPM_WIDTHD             ; 4              ; Untyped                ;
; LPM_NREPRESENTATION    ; UNSIGNED       ; Untyped                ;
; LPM_DREPRESENTATION    ; UNSIGNED       ; Untyped                ;
; LPM_PIPELINE           ; 0              ; Untyped                ;
; LPM_REMAINDERPOSITIVE  ; TRUE           ; Untyped                ;
; MAXIMIZE_SPEED         ; 5              ; Untyped                ;
; CBXI_PARAMETER         ; lpm_divide_62m ; Untyped                ;
; CARRY_CHAIN            ; MANUAL         ; Untyped                ;
; OPTIMIZE_FOR_SPEED     ; 5              ; Untyped                ;
; AUTO_CARRY_CHAINS      ; ON             ; AUTO_CARRY             ;
; IGNORE_CARRY_BUFFERS   ; OFF            ; IGNORE_CARRY           ;
; AUTO_CASCADE_CHAINS    ; ON             ; AUTO_CASCADE           ;
; IGNORE_CASCADE_BUFFERS ; OFF            ; IGNORE_CASCADE         ;
+------------------------+----------------+------------------------+
Note: In order to hide this table in the UI and the text report file, please set the "Show Parameter Settings in Synthesis Report" option in "Analysis and Synthesis Settings -> More Settings" to "Off".


+------------------------------------------------------------------+
; Parameter Settings for Inferred Entity Instance: lpm_divide:Div1 ;
+------------------------+----------------+------------------------+
; Parameter Name         ; Value          ; Type                   ;
+------------------------+----------------+------------------------+
; LPM_WIDTHN             ; 6              ; Untyped                ;
; LPM_WIDTHD             ; 4              ; Untyped                ;
; LPM_NREPRESENTATION    ; UNSIGNED       ; Untyped                ;
; LPM_DREPRESENTATION    ; UNSIGNED       ; Untyped                ;
; LPM_PIPELINE           ; 0              ; Untyped                ;
; LPM_REMAINDERPOSITIVE  ; TRUE           ; Untyped                ;
; MAXIMIZE_SPEED         ; 5              ; Untyped                ;
; CBXI_PARAMETER         ; lpm_divide_3am ; Untyped                ;
; CARRY_CHAIN            ; MANUAL         ; Untyped                ;
; OPTIMIZE_FOR_SPEED     ; 5              ; Untyped                ;
; AUTO_CARRY_CHAINS      ; ON             ; AUTO_CARRY             ;
; IGNORE_CARRY_BUFFERS   ; OFF            ; IGNORE_CARRY           ;
; AUTO_CASCADE_CHAINS    ; ON             ; AUTO_CASCADE           ;
; IGNORE_CASCADE_BUFFERS ; OFF            ; IGNORE_CASCADE         ;
+------------------------+----------------+------------------------+
Note: In order to hide this table in the UI and the text report file, please set the "Show Parameter Settings in Synthesis Report" option in "Analysis and Synthesis Settings -> More Settings" to "Off".


+------------------------------------------------------------------+
; Parameter Settings for Inferred Entity Instance: lpm_divide:Mod0 ;
+------------------------+----------------+------------------------+
; Parameter Name         ; Value          ; Type                   ;
+------------------------+----------------+------------------------+
; LPM_WIDTHN             ; 5              ; Untyped                ;
; LPM_WIDTHD             ; 4              ; Untyped                ;
; LPM_NREPRESENTATION    ; UNSIGNED       ; Untyped                ;
; LPM_DREPRESENTATION    ; UNSIGNED       ; Untyped                ;
; LPM_PIPELINE           ; 0              ; Untyped                ;
; LPM_REMAINDERPOSITIVE  ; TRUE           ; Untyped                ;
; MAXIMIZE_SPEED         ; 5              ; Untyped                ;
; CBXI_PARAMETER         ; lpm_divide_52m ; Untyped                ;
; CARRY_CHAIN            ; MANUAL         ; Untyped                ;
; OPTIMIZE_FOR_SPEED     ; 5              ; Untyped                ;
; AUTO_CARRY_CHAINS      ; ON             ; AUTO_CARRY             ;
; IGNORE_CARRY_BUFFERS   ; OFF            ; IGNORE_CARRY           ;
; AUTO_CASCADE_CHAINS    ; ON             ; AUTO_CASCADE           ;
; IGNORE_CASCADE_BUFFERS ; OFF            ; IGNORE_CASCADE         ;
+------------------------+----------------+------------------------+
Note: In order to hide this table in the UI and the text report file, please set the "Show Parameter Settings in Synthesis Report" option in "Analysis and Synthesis Settings -> More Settings" to "Off".


+------------------------------------------------------------------+
; Parameter Settings for Inferred Entity Instance: lpm_divide:Div0 ;
+------------------------+----------------+------------------------+
; Parameter Name         ; Value          ; Type                   ;
+------------------------+----------------+------------------------+
; LPM_WIDTHN             ; 5              ; Untyped                ;
; LPM_WIDTHD             ; 4              ; Untyped                ;
; LPM_NREPRESENTATION    ; UNSIGNED       ; Untyped                ;
; LPM_DREPRESENTATION    ; UNSIGNED       ; Untyped                ;
; LPM_PIPELINE           ; 0              ; Untyped                ;
; LPM_REMAINDERPOSITIVE  ; TRUE           ; Untyped                ;
; MAXIMIZE_SPEED         ; 5              ; Untyped                ;
; CBXI_PARAMETER         ; lpm_divide_2am ; Untyped                ;
; CARRY_CHAIN            ; MANUAL         ; Untyped                ;
; OPTIMIZE_FOR_SPEED     ; 5              ; Untyped                ;
; AUTO_CARRY_CHAINS      ; ON             ; AUTO_CARRY             ;
; IGNORE_CARRY_BUFFERS   ; OFF            ; IGNORE_CARRY           ;
; AUTO_CASCADE_CHAINS    ; ON             ; AUTO_CASCADE           ;
; IGNORE_CASCADE_BUFFERS ; OFF            ; IGNORE_CASCADE         ;
+------------------------+----------------+------------------------+
Note: In order to hide this table in the UI and the text report file, please set the "Show Parameter Settings in Synthesis Report" option in "Analysis and Synthesis Settings -> More Settings" to "Off".


+-------------------------------+
; Elapsed Time Per Partition    ;
+----------------+--------------+
; Partition Name ; Elapsed Time ;
+----------------+--------------+
; Top            ; 00:00:01     ;
+----------------+--------------+


+-------------------------------+
; Analysis & Synthesis Messages ;
+-------------------------------+
Info: *******************************************************************
Info: Running Quartus II 64-Bit Analysis & Synthesis
    Info: Version 13.1.0 Build 162 10/23/2013 SJ Full Version
    Info: Processing started: Mon Jul 10 21:23:38 2023
Info: Command: quartus_map --read_settings_files=on --write_settings_files=off exercise2 -c exercise2
Info (11104): Parallel Compilation has detected 8 hyper-threaded processors. However, the extra hyper-threaded processors will not be used by default. Parallel Compilation will use 4 of the 4 physical processors detected instead.
Info (12021): Found 5 design units, including 5 entities, in source file exercise2.v
    Info (12023): Found entity 1: exercise2
    Info (12023): Found entity 2: seven
    Info (12023): Found entity 3: FrequencyDivider50MHz
    Info (12023): Found entity 4: min
    Info (12023): Found entity 5: hhh
Warning (12019): Can't analyze file -- file C:/Users/USER/OneDrive/Ra-!O/exercise2.v is missing
Critical Warning (10846): Verilog HDL Instantiation warning at exercise2.v(19): instance has no name
Critical Warning (10846): Verilog HDL Instantiation warning at exercise2.v(69): instance has no name
Critical Warning (10846): Verilog HDL Instantiation warning at exercise2.v(70): instance has no name
Critical Warning (10846): Verilog HDL Instantiation warning at exercise2.v(99): instance has no name
Critical Warning (10846): Verilog HDL Instantiation warning at exercise2.v(100): instance has no name
Critical Warning (10846): Verilog HDL Instantiation warning at exercise2.v(101): instance has no name
Critical Warning (10846): Verilog HDL Instantiation warning at exercise2.v(102): instance has no name
Critical Warning (10846): Verilog HDL Instantiation warning at exercise2.v(103): instance has no name
Critical Warning (10846): Verilog HDL Instantiation warning at exercise2.v(104): instance has no name
Info (12127): Elaborating entity "exercise2" for the top level hierarchy
Warning (10036): Verilog HDL or VHDL warning at exercise2.v(6): object "second_wire" assigned a value but never read
Warning (10230): Verilog HDL assignment warning at exercise2.v(63): truncated value with size 8 to match size of target (5)
Warning (10230): Verilog HDL assignment warning at exercise2.v(74): truncated value with size 8 to match size of target (6)
Warning (10230): Verilog HDL assignment warning at exercise2.v(89): truncated value with size 32 to match size of target (6)
Warning (10230): Verilog HDL assignment warning at exercise2.v(93): truncated value with size 32 to match size of target (4)
Warning (10230): Verilog HDL assignment warning at exercise2.v(94): truncated value with size 32 to match size of target (4)
Warning (10230): Verilog HDL assignment warning at exercise2.v(95): truncated value with size 32 to match size of target (4)
Warning (10230): Verilog HDL assignment warning at exercise2.v(96): truncated value with size 32 to match size of target (4)
Warning (10230): Verilog HDL assignment warning at exercise2.v(97): truncated value with size 32 to match size of target (4)
Warning (10230): Verilog HDL assignment warning at exercise2.v(98): truncated value with size 32 to match size of target (4)
Info (12128): Elaborating entity "FrequencyDivider50MHz" for hierarchy "FrequencyDivider50MHz:comb_9"
Warning (10230): Verilog HDL assignment warning at exercise2.v(133): truncated value with size 32 to match size of target (26)
Info (12128): Elaborating entity "min" for hierarchy "min:comb_56"
Warning (10230): Verilog HDL assignment warning at exercise2.v(153): truncated value with size 8 to match size of target (6)
Warning (10230): Verilog HDL assignment warning at exercise2.v(161): truncated value with size 32 to match size of target (6)
Info (12128): Elaborating entity "hhh" for hierarchy "hhh:comb_57"
Warning (10230): Verilog HDL assignment warning at exercise2.v(185): truncated value with size 8 to match size of target (5)
Warning (10230): Verilog HDL assignment warning at exercise2.v(193): truncated value with size 32 to match size of target (5)
Info (12128): Elaborating entity "seven" for hierarchy "seven:comb_106"
Warning (10230): Verilog HDL assignment warning at exercise2.v(110): truncated value with size 32 to match size of target (1)
Warning (10230): Verilog HDL assignment warning at exercise2.v(111): truncated value with size 32 to match size of target (1)
Warning (10230): Verilog HDL assignment warning at exercise2.v(112): truncated value with size 32 to match size of target (1)
Warning (10230): Verilog HDL assignment warning at exercise2.v(113): truncated value with size 32 to match size of target (1)
Warning (10230): Verilog HDL assignment warning at exercise2.v(114): truncated value with size 32 to match size of target (1)
Warning (10230): Verilog HDL assignment warning at exercise2.v(115): truncated value with size 32 to match size of target (1)
Warning (10230): Verilog HDL assignment warning at exercise2.v(116): truncated value with size 32 to match size of target (1)
Info (278001): Inferred 6 megafunctions from design logic
    Info (278004): Inferred divider/modulo megafunction ("lpm_divide") from the following logic: "Mod2"
    Info (278004): Inferred divider/modulo megafunction ("lpm_divide") from the following logic: "Div2"
    Info (278004): Inferred divider/modulo megafunction ("lpm_divide") from the following logic: "Mod1"
    Info (278004): Inferred divider/modulo megafunction ("lpm_divide") from the following logic: "Div1"
    Info (278004): Inferred divider/modulo megafunction ("lpm_divide") from the following logic: "Mod0"
    Info (278004): Inferred divider/modulo megafunction ("lpm_divide") from the following logic: "Div0"
Info (12130): Elaborated megafunction instantiation "lpm_divide:Mod2"
Info (12133): Instantiated megafunction "lpm_divide:Mod2" with the following parameter:
    Info (12134): Parameter "LPM_WIDTHN" = "6"
    Info (12134): Parameter "LPM_WIDTHD" = "4"
    Info (12134): Parameter "LPM_NREPRESENTATION" = "UNSIGNED"
    Info (12134): Parameter "LPM_DREPRESENTATION" = "UNSIGNED"
Info (12021): Found 1 design units, including 1 entities, in source file db/lpm_divide_62m.tdf
    Info (12023): Found entity 1: lpm_divide_62m
Info (12021): Found 1 design units, including 1 entities, in source file db/sign_div_unsign_9kh.tdf
    Info (12023): Found entity 1: sign_div_unsign_9kh
Info (12021): Found 1 design units, including 1 entities, in source file db/alt_u_div_ose.tdf
    Info (12023): Found entity 1: alt_u_div_ose
Info (12130): Elaborated megafunction instantiation "lpm_divide:Div2"
Info (12133): Instantiated megafunction "lpm_divide:Div2" with the following parameter:
    Info (12134): Parameter "LPM_WIDTHN" = "6"
    Info (12134): Parameter "LPM_WIDTHD" = "4"
    Info (12134): Parameter "LPM_NREPRESENTATION" = "UNSIGNED"
    Info (12134): Parameter "LPM_DREPRESENTATION" = "UNSIGNED"
Info (12021): Found 1 design units, including 1 entities, in source file db/lpm_divide_3am.tdf
    Info (12023): Found entity 1: lpm_divide_3am
Info (12130): Elaborated megafunction instantiation "lpm_divide:Mod0"
Info (12133): Instantiated megafunction "lpm_divide:Mod0" with the following parameter:
    Info (12134): Parameter "LPM_WIDTHN" = "5"
    Info (12134): Parameter "LPM_WIDTHD" = "4"
    Info (12134): Parameter "LPM_NREPRESENTATION" = "UNSIGNED"
    Info (12134): Parameter "LPM_DREPRESENTATION" = "UNSIGNED"
Info (12021): Found 1 design units, including 1 entities, in source file db/lpm_divide_52m.tdf
    Info (12023): Found entity 1: lpm_divide_52m
Info (12021): Found 1 design units, including 1 entities, in source file db/sign_div_unsign_8kh.tdf
    Info (12023): Found entity 1: sign_div_unsign_8kh
Info (12021): Found 1 design units, including 1 entities, in source file db/alt_u_div_mse.tdf
    Info (12023): Found entity 1: alt_u_div_mse
Info (12130): Elaborated megafunction instantiation "lpm_divide:Div0"
Info (12133): Instantiated megafunction "lpm_divide:Div0" with the following parameter:
    Info (12134): Parameter "LPM_WIDTHN" = "5"
    Info (12134): Parameter "LPM_WIDTHD" = "4"
    Info (12134): Parameter "LPM_NREPRESENTATION" = "UNSIGNED"
    Info (12134): Parameter "LPM_DREPRESENTATION" = "UNSIGNED"
Info (12021): Found 1 design units, including 1 entities, in source file db/lpm_divide_2am.tdf
    Info (12023): Found entity 1: lpm_divide_2am
Warning (13024): Output pins are stuck at VCC or GND
    Warning (13410): Pin "HEX5[1]" is stuck at GND
Critical Warning (18061): Ignored Power-Up Level option on the following registers
    Critical Warning (18010): Register current[1] will power up to High
Info (286030): Timing-Driven Synthesis is running
Info (144001): Generated suppressed messages file D:/AFPGA/EX2/output_files/exercise2.map.smsg
Info (16010): Generating hard_block partition "hard_block:auto_generated_inst"
    Info (16011): Adding 0 node(s), including 0 DDIO, 0 PLL, 0 transceiver and 0 LCELL
Warning (21074): Design contains 2 input pin(s) that do not drive logic
    Warning (15610): No output dependent on input pin "SW[6]"
    Warning (15610): No output dependent on input pin "SW[7]"
Info (21057): Implemented 317 device resources after synthesis - the final resource count might be different
    Info (21058): Implemented 11 input pins
    Info (21059): Implemented 42 output pins
    Info (21061): Implemented 264 logic cells
Info: Quartus II 64-Bit Analysis & Synthesis was successful. 0 errors, 39 warnings
    Info: Peak virtual memory: 4698 megabytes
    Info: Processing ended: Mon Jul 10 21:23:53 2023
    Info: Elapsed time: 00:00:15
    Info: Total CPU time (on all processors): 00:00:02


+------------------------------------------+
; Analysis & Synthesis Suppressed Messages ;
+------------------------------------------+
The suppressed messages can be found in D:/AFPGA/EX2/output_files/exercise2.map.smsg.


