Analysis & Synthesis report for exercise3
Sun Jul 09 21:10:17 2023
Quartus II 64-Bit Version 13.1.0 Build 162 10/23/2013 SJ Full Version


---------------------
; Table of Contents ;
---------------------
  1. Legal Notice
  2. Analysis & Synthesis Summary
  3. Analysis & Synthesis Settings
  4. Parallel Compilation
  5. Analysis & Synthesis Source Files Read
  6. Analysis & Synthesis Resource Usage Summary
  7. Analysis & Synthesis Resource Utilization by Entity
  8. Analysis & Synthesis DSP Block Usage Summary
  9. General Register Statistics
 10. Multiplexer Restructuring Statistics (Restructuring Performed)
 11. Parameter Settings for User Entity Instance: lpm_mult16:comb_313|lpm_mult:lpm_mult_component
 12. Parameter Settings for User Entity Instance: lpm_mult16:comb_314|lpm_mult:lpm_mult_component
 13. Parameter Settings for User Entity Instance: lpm_add16:comb_315|lpm_add_sub:lpm_add_sub_component
 14. lpm_mult Parameter Settings by Entity Instance
 15. Elapsed Time Per Partition
 16. Analysis & Synthesis Messages



----------------
; Legal Notice ;
----------------
Copyright (C) 1991-2013 Altera Corporation
Your use of Altera Corporation's design tools, logic functions 
and other software and tools, and its AMPP partner logic 
functions, and any output files from any of the foregoing 
(including device programming or simulation files), and any 
associated documentation or information are expressly subject 
to the terms and conditions of the Altera Program License 
Subscription Agreement, Altera MegaCore Function License 
Agreement, or other applicable license agreement, including, 
without limitation, that your use is for the sole purpose of 
programming logic devices manufactured by Altera and sold by 
Altera or its authorized distributors.  Please refer to the 
applicable agreement for further details.



+-------------------------------------------------------------------------------+
; Analysis & Synthesis Summary                                                  ;
+---------------------------------+---------------------------------------------+
; Analysis & Synthesis Status     ; Successful - Sun Jul 09 21:10:17 2023       ;
; Quartus II 64-Bit Version       ; 13.1.0 Build 162 10/23/2013 SJ Full Version ;
; Revision Name                   ; exercise3                                   ;
; Top-level Entity Name           ; exercise3                                   ;
; Family                          ; Cyclone V                                   ;
; Logic utilization (in ALMs)     ; N/A                                         ;
; Total registers                 ; 32                                          ;
; Total pins                      ; 52                                          ;
; Total virtual pins              ; 0                                           ;
; Total block memory bits         ; 0                                           ;
; Total DSP Blocks                ; 2                                           ;
; Total HSSI RX PCSs              ; 0                                           ;
; Total HSSI PMA RX Deserializers ; 0                                           ;
; Total HSSI TX PCSs              ; 0                                           ;
; Total HSSI TX Channels          ; 0                                           ;
; Total PLLs                      ; 0                                           ;
; Total DLLs                      ; 0                                           ;
+---------------------------------+---------------------------------------------+


+---------------------------------------------------------------------------------------------------------------------------+
; Analysis & Synthesis Settings                                                                                             ;
+---------------------------------------------------------------------------------+--------------------+--------------------+
; Option                                                                          ; Setting            ; Default Value      ;
+---------------------------------------------------------------------------------+--------------------+--------------------+
; Device                                                                          ; 5CSEMA5F31C6       ;                    ;
; Top-level entity name                                                           ; exercise3          ; exercise3          ;
; Family name                                                                     ; Cyclone V          ; Cyclone IV GX      ;
; Use smart compilation                                                           ; Off                ; Off                ;
; Enable parallel Assembler and TimeQuest Timing Analyzer during compilation      ; On                 ; On                 ;
; Enable compact report table                                                     ; Off                ; Off                ;
; Restructure Multiplexers                                                        ; Auto               ; Auto               ;
; MLAB Add Timing Constraints For Mixed-Port Feed-Through Mode Setting Don't Care ; Off                ; Off                ;
; Create Debugging Nodes for IP Cores                                             ; Off                ; Off                ;
; Preserve fewer node names                                                       ; On                 ; On                 ;
; Disable OpenCore Plus hardware evaluation                                       ; Off                ; Off                ;
; Verilog Version                                                                 ; Verilog_2001       ; Verilog_2001       ;
; VHDL Version                                                                    ; VHDL_1993          ; VHDL_1993          ;
; State Machine Processing                                                        ; Auto               ; Auto               ;
; Safe State Machine                                                              ; Off                ; Off                ;
; Extract Verilog State Machines                                                  ; On                 ; On                 ;
; Extract VHDL State Machines                                                     ; On                 ; On                 ;
; Ignore Verilog initial constructs                                               ; Off                ; Off                ;
; Iteration limit for constant Verilog loops                                      ; 5000               ; 5000               ;
; Iteration limit for non-constant Verilog loops                                  ; 250                ; 250                ;
; Add Pass-Through Logic to Inferred RAMs                                         ; On                 ; On                 ;
; Infer RAMs from Raw Logic                                                       ; On                 ; On                 ;
; Parallel Synthesis                                                              ; On                 ; On                 ;
; DSP Block Balancing                                                             ; Auto               ; Auto               ;
; NOT Gate Push-Back                                                              ; On                 ; On                 ;
; Power-Up Don't Care                                                             ; On                 ; On                 ;
; Remove Redundant Logic Cells                                                    ; Off                ; Off                ;
; Remove Duplicate Registers                                                      ; On                 ; On                 ;
; Ignore CARRY Buffers                                                            ; Off                ; Off                ;
; Ignore CASCADE Buffers                                                          ; Off                ; Off                ;
; Ignore GLOBAL Buffers                                                           ; Off                ; Off                ;
; Ignore ROW GLOBAL Buffers                                                       ; Off                ; Off                ;
; Ignore LCELL Buffers                                                            ; Off                ; Off                ;
; Ignore SOFT Buffers                                                             ; On                 ; On                 ;
; Limit AHDL Integers to 32 Bits                                                  ; Off                ; Off                ;
; Optimization Technique                                                          ; Balanced           ; Balanced           ;
; Carry Chain Length                                                              ; 70                 ; 70                 ;
; Auto Carry Chains                                                               ; On                 ; On                 ;
; Auto Open-Drain Pins                                                            ; On                 ; On                 ;
; Perform WYSIWYG Primitive Resynthesis                                           ; Off                ; Off                ;
; Auto ROM Replacement                                                            ; On                 ; On                 ;
; Auto RAM Replacement                                                            ; On                 ; On                 ;
; Auto DSP Block Replacement                                                      ; On                 ; On                 ;
; Auto Shift Register Replacement                                                 ; Auto               ; Auto               ;
; Allow Shift Register Merging across Hierarchies                                 ; Auto               ; Auto               ;
; Auto Clock Enable Replacement                                                   ; On                 ; On                 ;
; Strict RAM Replacement                                                          ; Off                ; Off                ;
; Allow Synchronous Control Signals                                               ; On                 ; On                 ;
; Force Use of Synchronous Clear Signals                                          ; Off                ; Off                ;
; Auto Resource Sharing                                                           ; Off                ; Off                ;
; Allow Any RAM Size For Recognition                                              ; Off                ; Off                ;
; Allow Any ROM Size For Recognition                                              ; Off                ; Off                ;
; Allow Any Shift Register Size For Recognition                                   ; Off                ; Off                ;
; Use LogicLock Constraints during Resource Balancing                             ; On                 ; On                 ;
; Ignore translate_off and synthesis_off directives                               ; Off                ; Off                ;
; Timing-Driven Synthesis                                                         ; On                 ; On                 ;
; Report Parameter Settings                                                       ; On                 ; On                 ;
; Report Source Assignments                                                       ; On                 ; On                 ;
; Report Connectivity Checks                                                      ; On                 ; On                 ;
; Ignore Maximum Fan-Out Assignments                                              ; Off                ; Off                ;
; Synchronization Register Chain Length                                           ; 3                  ; 3                  ;
; PowerPlay Power Optimization                                                    ; Normal compilation ; Normal compilation ;
; HDL message level                                                               ; Level2             ; Level2             ;
; Suppress Register Optimization Related Messages                                 ; Off                ; Off                ;
; Number of Removed Registers Reported in Synthesis Report                        ; 5000               ; 5000               ;
; Number of Swept Nodes Reported in Synthesis Report                              ; 5000               ; 5000               ;
; Number of Inverted Registers Reported in Synthesis Report                       ; 100                ; 100                ;
; Clock MUX Protection                                                            ; On                 ; On                 ;
; Auto Gated Clock Conversion                                                     ; Off                ; Off                ;
; Block Design Naming                                                             ; Auto               ; Auto               ;
; SDC constraint protection                                                       ; Off                ; Off                ;
; Synthesis Effort                                                                ; Auto               ; Auto               ;
; Shift Register Replacement - Allow Asynchronous Clear Signal                    ; On                 ; On                 ;
; Pre-Mapping Resynthesis Optimization                                            ; Off                ; Off                ;
; Analysis & Synthesis Message Level                                              ; Medium             ; Medium             ;
; Disable Register Merging Across Hierarchies                                     ; Auto               ; Auto               ;
; Resource Aware Inference For Block RAM                                          ; On                 ; On                 ;
; Synthesis Seed                                                                  ; 1                  ; 1                  ;
; Automatic Parallel Synthesis                                                    ; On                 ; On                 ;
+---------------------------------------------------------------------------------+--------------------+--------------------+


+------------------------------------------+
; Parallel Compilation                     ;
+----------------------------+-------------+
; Processors                 ; Number      ;
+----------------------------+-------------+
; Number detected on machine ; 8           ;
; Maximum allowed            ; 4           ;
;                            ;             ;
; Average used               ; 1.00        ;
; Maximum used               ; 1           ;
;                            ;             ;
; Usage by Processor         ; % Time Used ;
;     Processor 1            ; 100.0%      ;
;     Processors 2-8         ;   0.0%      ;
+----------------------------+-------------+


+----------------------------------------------------------------------------------------------------------------------------------------------------------------------+
; Analysis & Synthesis Source Files Read                                                                                                                               ;
+----------------------------------+-----------------+------------------------------+------------------------------------------------------------------------+---------+
; File Name with User-Entered Path ; Used in Netlist ; File Type                    ; File Name with Absolute Path                                           ; Library ;
+----------------------------------+-----------------+------------------------------+------------------------------------------------------------------------+---------+
; exercise3.v                      ; yes             ; User Verilog HDL File        ; D:/AFPGA/EX3/exercise3.v                                               ;         ;
; lpm_mult.tdf                     ; yes             ; Megafunction                 ; d:/altera/13.1/quartus/libraries/megafunctions/lpm_mult.tdf            ;         ;
; aglobal131.inc                   ; yes             ; Megafunction                 ; d:/altera/13.1/quartus/libraries/megafunctions/aglobal131.inc          ;         ;
; lpm_add_sub.inc                  ; yes             ; Megafunction                 ; d:/altera/13.1/quartus/libraries/megafunctions/lpm_add_sub.inc         ;         ;
; multcore.inc                     ; yes             ; Megafunction                 ; d:/altera/13.1/quartus/libraries/megafunctions/multcore.inc            ;         ;
; bypassff.inc                     ; yes             ; Megafunction                 ; d:/altera/13.1/quartus/libraries/megafunctions/bypassff.inc            ;         ;
; altshift.inc                     ; yes             ; Megafunction                 ; d:/altera/13.1/quartus/libraries/megafunctions/altshift.inc            ;         ;
; db/mult_nbo.v                    ; yes             ; Auto-Generated Megafunction  ; D:/AFPGA/EX3/db/mult_nbo.v                                             ;         ;
; lpm_add_sub.tdf                  ; yes             ; Megafunction                 ; d:/altera/13.1/quartus/libraries/megafunctions/lpm_add_sub.tdf         ;         ;
; addcore.inc                      ; yes             ; Megafunction                 ; d:/altera/13.1/quartus/libraries/megafunctions/addcore.inc             ;         ;
; look_add.inc                     ; yes             ; Megafunction                 ; d:/altera/13.1/quartus/libraries/megafunctions/look_add.inc            ;         ;
; alt_stratix_add_sub.inc          ; yes             ; Megafunction                 ; d:/altera/13.1/quartus/libraries/megafunctions/alt_stratix_add_sub.inc ;         ;
; db/add_sub_qif.tdf               ; yes             ; Auto-Generated Megafunction  ; D:/AFPGA/EX3/db/add_sub_qif.tdf                                        ;         ;
+----------------------------------+-----------------+------------------------------+------------------------------------------------------------------------+---------+


+------------------------------------------------------------+
; Analysis & Synthesis Resource Usage Summary                ;
+---------------------------------------------+--------------+
; Resource                                    ; Usage        ;
+---------------------------------------------+--------------+
; Estimate of Logic utilization (ALMs needed) ; 52           ;
;                                             ;              ;
; Combinational ALUT usage for logic          ; 81           ;
;     -- 7 input functions                    ; 0            ;
;     -- 6 input functions                    ; 16           ;
;     -- 5 input functions                    ; 0            ;
;     -- 4 input functions                    ; 28           ;
;     -- <=3 input functions                  ; 37           ;
;                                             ;              ;
; Dedicated logic registers                   ; 32           ;
;                                             ;              ;
; I/O pins                                    ; 52           ;
; Total DSP Blocks                            ; 2            ;
; Maximum fan-out node                        ; KEY[0]~input ;
; Maximum fan-out                             ; 48           ;
; Total fan-out                               ; 556          ;
; Average fan-out                             ; 2.54         ;
+---------------------------------------------+--------------+


+-------------------------------------------------------------------------------------------------------------------------------------------------------------------------------------------------------------------------------------------------+
; Analysis & Synthesis Resource Utilization by Entity                                                                                                                                                                                             ;
+-------------------------------------------+-------------------+--------------+-------------------+------------+------+--------------+--------------------------------------------------------------------------------------------+--------------+
; Compilation Hierarchy Node                ; LC Combinationals ; LC Registers ; Block Memory Bits ; DSP Blocks ; Pins ; Virtual Pins ; Full Hierarchy Name                                                                        ; Library Name ;
+-------------------------------------------+-------------------+--------------+-------------------+------------+------+--------------+--------------------------------------------------------------------------------------------+--------------+
; |exercise3                                ; 81 (20)           ; 32 (32)      ; 0                 ; 2          ; 52   ; 0            ; |exercise3                                                                                 ; work         ;
;    |lpm_add16:comb_315|                   ; 33 (17)           ; 0 (0)        ; 0                 ; 0          ; 0    ; 0            ; |exercise3|lpm_add16:comb_315                                                              ; work         ;
;       |lpm_add_sub:lpm_add_sub_component| ; 16 (0)            ; 0 (0)        ; 0                 ; 0          ; 0    ; 0            ; |exercise3|lpm_add16:comb_315|lpm_add_sub:lpm_add_sub_component                            ; work         ;
;          |add_sub_qif:auto_generated|     ; 16 (16)           ; 0 (0)        ; 0                 ; 0          ; 0    ; 0            ; |exercise3|lpm_add16:comb_315|lpm_add_sub:lpm_add_sub_component|add_sub_qif:auto_generated ; work         ;
;    |lpm_mult16:comb_313|                  ; 0 (0)             ; 0 (0)        ; 0                 ; 1          ; 0    ; 0            ; |exercise3|lpm_mult16:comb_313                                                             ; work         ;
;       |lpm_mult:lpm_mult_component|       ; 0 (0)             ; 0 (0)        ; 0                 ; 1          ; 0    ; 0            ; |exercise3|lpm_mult16:comb_313|lpm_mult:lpm_mult_component                                 ; work         ;
;          |mult_nbo:auto_generated|        ; 0 (0)             ; 0 (0)        ; 0                 ; 1          ; 0    ; 0            ; |exercise3|lpm_mult16:comb_313|lpm_mult:lpm_mult_component|mult_nbo:auto_generated         ; work         ;
;    |lpm_mult16:comb_314|                  ; 0 (0)             ; 0 (0)        ; 0                 ; 1          ; 0    ; 0            ; |exercise3|lpm_mult16:comb_314                                                             ; work         ;
;       |lpm_mult:lpm_mult_component|       ; 0 (0)             ; 0 (0)        ; 0                 ; 1          ; 0    ; 0            ; |exercise3|lpm_mult16:comb_314|lpm_mult:lpm_mult_component                                 ; work         ;
;          |mult_nbo:auto_generated|        ; 0 (0)             ; 0 (0)        ; 0                 ; 1          ; 0    ; 0            ; |exercise3|lpm_mult16:comb_314|lpm_mult:lpm_mult_component|mult_nbo:auto_generated         ; work         ;
;    |seven:comb_316|                       ; 7 (7)             ; 0 (0)        ; 0                 ; 0          ; 0    ; 0            ; |exercise3|seven:comb_316                                                                  ; work         ;
;    |seven:comb_317|                       ; 7 (7)             ; 0 (0)        ; 0                 ; 0          ; 0    ; 0            ; |exercise3|seven:comb_317                                                                  ; work         ;
;    |seven:comb_318|                       ; 7 (7)             ; 0 (0)        ; 0                 ; 0          ; 0    ; 0            ; |exercise3|seven:comb_318                                                                  ; work         ;
;    |seven:comb_319|                       ; 7 (7)             ; 0 (0)        ; 0                 ; 0          ; 0    ; 0            ; |exercise3|seven:comb_319                                                                  ; work         ;
+-------------------------------------------+-------------------+--------------+-------------------+------------+------+--------------+--------------------------------------------------------------------------------------------+--------------+
Note: For table entries with two numbers listed, the numbers in parentheses indicate the number of resources of the given type used by the specific entity alone. The numbers listed outside of parentheses indicate the total resources of the given type used by the specific entity and all of its sub-entities in the hierarchy.


+-----------------------------------------------------------------------------+
; Analysis & Synthesis DSP Block Usage Summary                                ;
+---------------------+-------------+---------------------+-------------------+
; Statistic           ; Number Used ; Available per Block ; Maximum Available ;
+---------------------+-------------+---------------------+-------------------+
; Independent 9x9     ; 2           ; 3.00                ; --                ;
; DSP Block           ; 2           ; --                  ; --                ;
; DSP 27-bit Element  ; 2           ; 1.00                ; --                ;
; Unsigned Multiplier ; 2           ; --                  ; --                ;
+---------------------+-------------+---------------------+-------------------+


+------------------------------------------------------+
; General Register Statistics                          ;
+----------------------------------------------+-------+
; Statistic                                    ; Value ;
+----------------------------------------------+-------+
; Total registers                              ; 32    ;
; Number of registers using Synchronous Clear  ; 0     ;
; Number of registers using Synchronous Load   ; 0     ;
; Number of registers using Asynchronous Clear ; 32    ;
; Number of registers using Asynchronous Load  ; 0     ;
; Number of registers using Clock Enable       ; 32    ;
; Number of registers using Preset             ; 0     ;
+----------------------------------------------+-------+


+------------------------------------------------------------------------------------------------------------------------------------------+
; Multiplexer Restructuring Statistics (Restructuring Performed)                                                                           ;
+--------------------+-----------+---------------+----------------------+------------------------+------------+----------------------------+
; Multiplexer Inputs ; Bus Width ; Baseline Area ; Area if Restructured ; Saving if Restructured ; Registered ; Example Multiplexer Output ;
+--------------------+-----------+---------------+----------------------+------------------------+------------+----------------------------+
; 5:1                ; 16 bits   ; 48 LEs        ; 48 LEs               ; 0 LEs                  ; No         ; |exercise3|IN1[3]          ;
+--------------------+-----------+---------------+----------------------+------------------------+------------+----------------------------+


+----------------------------------------------------------------------------------------------+
; Parameter Settings for User Entity Instance: lpm_mult16:comb_313|lpm_mult:lpm_mult_component ;
+------------------------------------------------+-----------+---------------------------------+
; Parameter Name                                 ; Value     ; Type                            ;
+------------------------------------------------+-----------+---------------------------------+
; AUTO_CARRY_CHAINS                              ; ON        ; AUTO_CARRY                      ;
; IGNORE_CARRY_BUFFERS                           ; OFF       ; IGNORE_CARRY                    ;
; AUTO_CASCADE_CHAINS                            ; ON        ; AUTO_CASCADE                    ;
; IGNORE_CASCADE_BUFFERS                         ; OFF       ; IGNORE_CASCADE                  ;
; LPM_WIDTHA                                     ; 8         ; Signed Integer                  ;
; LPM_WIDTHB                                     ; 8         ; Signed Integer                  ;
; LPM_WIDTHP                                     ; 16        ; Signed Integer                  ;
; LPM_WIDTHR                                     ; 0         ; Untyped                         ;
; LPM_WIDTHS                                     ; 1         ; Signed Integer                  ;
; LPM_REPRESENTATION                             ; UNSIGNED  ; Untyped                         ;
; LPM_PIPELINE                                   ; 0         ; Untyped                         ;
; LATENCY                                        ; 0         ; Untyped                         ;
; INPUT_A_IS_CONSTANT                            ; NO        ; Untyped                         ;
; INPUT_B_IS_CONSTANT                            ; NO        ; Untyped                         ;
; USE_EAB                                        ; OFF       ; Untyped                         ;
; MAXIMIZE_SPEED                                 ; 5         ; Untyped                         ;
; DEVICE_FAMILY                                  ; Cyclone V ; Untyped                         ;
; CARRY_CHAIN                                    ; MANUAL    ; Untyped                         ;
; APEX20K_TECHNOLOGY_MAPPER                      ; LUT       ; TECH_MAPPER_APEX20K             ;
; DEDICATED_MULTIPLIER_CIRCUITRY                 ; AUTO      ; Untyped                         ;
; DEDICATED_MULTIPLIER_MIN_INPUT_WIDTH_FOR_AUTO  ; 0         ; Untyped                         ;
; DEDICATED_MULTIPLIER_MIN_OUTPUT_WIDTH_FOR_AUTO ; 0         ; Untyped                         ;
; CBXI_PARAMETER                                 ; mult_nbo  ; Untyped                         ;
; INPUT_A_FIXED_VALUE                            ; Bx        ; Untyped                         ;
; INPUT_B_FIXED_VALUE                            ; Bx        ; Untyped                         ;
; USE_AHDL_IMPLEMENTATION                        ; OFF       ; Untyped                         ;
+------------------------------------------------+-----------+---------------------------------+
Note: In order to hide this table in the UI and the text report file, please set the "Show Parameter Settings in Synthesis Report" option in "Analysis and Synthesis Settings -> More Settings" to "Off".


+----------------------------------------------------------------------------------------------+
; Parameter Settings for User Entity Instance: lpm_mult16:comb_314|lpm_mult:lpm_mult_component ;
+------------------------------------------------+-----------+---------------------------------+
; Parameter Name                                 ; Value     ; Type                            ;
+------------------------------------------------+-----------+---------------------------------+
; AUTO_CARRY_CHAINS                              ; ON        ; AUTO_CARRY                      ;
; IGNORE_CARRY_BUFFERS                           ; OFF       ; IGNORE_CARRY                    ;
; AUTO_CASCADE_CHAINS                            ; ON        ; AUTO_CASCADE                    ;
; IGNORE_CASCADE_BUFFERS                         ; OFF       ; IGNORE_CASCADE                  ;
; LPM_WIDTHA                                     ; 8         ; Signed Integer                  ;
; LPM_WIDTHB                                     ; 8         ; Signed Integer                  ;
; LPM_WIDTHP                                     ; 16        ; Signed Integer                  ;
; LPM_WIDTHR                                     ; 0         ; Untyped                         ;
; LPM_WIDTHS                                     ; 1         ; Signed Integer                  ;
; LPM_REPRESENTATION                             ; UNSIGNED  ; Untyped                         ;
; LPM_PIPELINE                                   ; 0         ; Untyped                         ;
; LATENCY                                        ; 0         ; Untyped                         ;
; INPUT_A_IS_CONSTANT                            ; NO        ; Untyped                         ;
; INPUT_B_IS_CONSTANT                            ; NO        ; Untyped                         ;
; USE_EAB                                        ; OFF       ; Untyped                         ;
; MAXIMIZE_SPEED                                 ; 5         ; Untyped                         ;
; DEVICE_FAMILY                                  ; Cyclone V ; Untyped                         ;
; CARRY_CHAIN                                    ; MANUAL    ; Untyped                         ;
; APEX20K_TECHNOLOGY_MAPPER                      ; LUT       ; TECH_MAPPER_APEX20K             ;
; DEDICATED_MULTIPLIER_CIRCUITRY                 ; AUTO      ; Untyped                         ;
; DEDICATED_MULTIPLIER_MIN_INPUT_WIDTH_FOR_AUTO  ; 0         ; Untyped                         ;
; DEDICATED_MULTIPLIER_MIN_OUTPUT_WIDTH_FOR_AUTO ; 0         ; Untyped                         ;
; CBXI_PARAMETER                                 ; mult_nbo  ; Untyped                         ;
; INPUT_A_FIXED_VALUE                            ; Bx        ; Untyped                         ;
; INPUT_B_FIXED_VALUE                            ; Bx        ; Untyped                         ;
; USE_AHDL_IMPLEMENTATION                        ; OFF       ; Untyped                         ;
+------------------------------------------------+-----------+---------------------------------+
Note: In order to hide this table in the UI and the text report file, please set the "Show Parameter Settings in Synthesis Report" option in "Analysis and Synthesis Settings -> More Settings" to "Off".


+---------------------------------------------------------------------------------------------------+
; Parameter Settings for User Entity Instance: lpm_add16:comb_315|lpm_add_sub:lpm_add_sub_component ;
+------------------------+-------------+------------------------------------------------------------+
; Parameter Name         ; Value       ; Type                                                       ;
+------------------------+-------------+------------------------------------------------------------+
; LPM_WIDTH              ; 16          ; Signed Integer                                             ;
; LPM_REPRESENTATION     ; SIGNED      ; Untyped                                                    ;
; LPM_DIRECTION          ; ADD         ; Untyped                                                    ;
; ONE_INPUT_IS_CONSTANT  ; NO          ; Untyped                                                    ;
; LPM_PIPELINE           ; 0           ; Untyped                                                    ;
; MAXIMIZE_SPEED         ; 5           ; Untyped                                                    ;
; REGISTERED_AT_END      ; 0           ; Untyped                                                    ;
; OPTIMIZE_FOR_SPEED     ; 5           ; Untyped                                                    ;
; USE_CS_BUFFERS         ; 1           ; Untyped                                                    ;
; CARRY_CHAIN            ; MANUAL      ; Untyped                                                    ;
; CARRY_CHAIN_LENGTH     ; 48          ; CARRY_CHAIN_LENGTH                                         ;
; DEVICE_FAMILY          ; Cyclone V   ; Untyped                                                    ;
; USE_WYS                ; OFF         ; Untyped                                                    ;
; STYLE                  ; FAST        ; Untyped                                                    ;
; CBXI_PARAMETER         ; add_sub_qif ; Untyped                                                    ;
; AUTO_CARRY_CHAINS      ; ON          ; AUTO_CARRY                                                 ;
; IGNORE_CARRY_BUFFERS   ; OFF         ; IGNORE_CARRY                                               ;
; AUTO_CASCADE_CHAINS    ; ON          ; AUTO_CASCADE                                               ;
; IGNORE_CASCADE_BUFFERS ; OFF         ; IGNORE_CASCADE                                             ;
+------------------------+-------------+------------------------------------------------------------+
Note: In order to hide this table in the UI and the text report file, please set the "Show Parameter Settings in Synthesis Report" option in "Analysis and Synthesis Settings -> More Settings" to "Off".


+-----------------------------------------------------------------------------------------+
; lpm_mult Parameter Settings by Entity Instance                                          ;
+---------------------------------------+-------------------------------------------------+
; Name                                  ; Value                                           ;
+---------------------------------------+-------------------------------------------------+
; Number of entity instances            ; 2                                               ;
; Entity Instance                       ; lpm_mult16:comb_313|lpm_mult:lpm_mult_component ;
;     -- LPM_WIDTHA                     ; 8                                               ;
;     -- LPM_WIDTHB                     ; 8                                               ;
;     -- LPM_WIDTHP                     ; 16                                              ;
;     -- LPM_REPRESENTATION             ; UNSIGNED                                        ;
;     -- INPUT_A_IS_CONSTANT            ; NO                                              ;
;     -- INPUT_B_IS_CONSTANT            ; NO                                              ;
;     -- USE_EAB                        ; OFF                                             ;
;     -- DEDICATED_MULTIPLIER_CIRCUITRY ; AUTO                                            ;
;     -- INPUT_A_FIXED_VALUE            ; Bx                                              ;
;     -- INPUT_B_FIXED_VALUE            ; Bx                                              ;
; Entity Instance                       ; lpm_mult16:comb_314|lpm_mult:lpm_mult_component ;
;     -- LPM_WIDTHA                     ; 8                                               ;
;     -- LPM_WIDTHB                     ; 8                                               ;
;     -- LPM_WIDTHP                     ; 16                                              ;
;     -- LPM_REPRESENTATION             ; UNSIGNED                                        ;
;     -- INPUT_A_IS_CONSTANT            ; NO                                              ;
;     -- INPUT_B_IS_CONSTANT            ; NO                                              ;
;     -- USE_EAB                        ; OFF                                             ;
;     -- DEDICATED_MULTIPLIER_CIRCUITRY ; AUTO                                            ;
;     -- INPUT_A_FIXED_VALUE            ; Bx                                              ;
;     -- INPUT_B_FIXED_VALUE            ; Bx                                              ;
+---------------------------------------+-------------------------------------------------+


+-------------------------------+
; Elapsed Time Per Partition    ;
+----------------+--------------+
; Partition Name ; Elapsed Time ;
+----------------+--------------+
; Top            ; 00:00:00     ;
+----------------+--------------+


+-------------------------------+
; Analysis & Synthesis Messages ;
+-------------------------------+
Info: *******************************************************************
Info: Running Quartus II 64-Bit Analysis & Synthesis
    Info: Version 13.1.0 Build 162 10/23/2013 SJ Full Version
    Info: Processing started: Sun Jul 09 21:10:03 2023
Info: Command: quartus_map --read_settings_files=on --write_settings_files=off exercise3 -c exercise3
Info (11104): Parallel Compilation has detected 8 hyper-threaded processors. However, the extra hyper-threaded processors will not be used by default. Parallel Compilation will use 4 of the 4 physical processors detected instead.
Info (12021): Found 4 design units, including 4 entities, in source file exercise3.v
    Info (12023): Found entity 1: exercise3
    Info (12023): Found entity 2: seven
    Info (12023): Found entity 3: lpm_add16
    Info (12023): Found entity 4: lpm_mult16
Critical Warning (10846): Verilog HDL Instantiation warning at exercise3.v(148): instance has no name
Critical Warning (10846): Verilog HDL Instantiation warning at exercise3.v(149): instance has no name
Critical Warning (10846): Verilog HDL Instantiation warning at exercise3.v(150): instance has no name
Critical Warning (10846): Verilog HDL Instantiation warning at exercise3.v(151): instance has no name
Critical Warning (10846): Verilog HDL Instantiation warning at exercise3.v(152): instance has no name
Critical Warning (10846): Verilog HDL Instantiation warning at exercise3.v(153): instance has no name
Critical Warning (10846): Verilog HDL Instantiation warning at exercise3.v(154): instance has no name
Info (12127): Elaborating entity "exercise3" for the top level hierarchy
Warning (10230): Verilog HDL assignment warning at exercise3.v(67): truncated value with size 8 to match size of target (4)
Warning (10230): Verilog HDL assignment warning at exercise3.v(71): truncated value with size 8 to match size of target (4)
Warning (10230): Verilog HDL assignment warning at exercise3.v(75): truncated value with size 16 to match size of target (4)
Warning (10230): Verilog HDL assignment warning at exercise3.v(87): truncated value with size 8 to match size of target (4)
Warning (10230): Verilog HDL assignment warning at exercise3.v(91): truncated value with size 8 to match size of target (4)
Warning (10230): Verilog HDL assignment warning at exercise3.v(95): truncated value with size 32 to match size of target (4)
Warning (10230): Verilog HDL assignment warning at exercise3.v(107): truncated value with size 8 to match size of target (4)
Warning (10230): Verilog HDL assignment warning at exercise3.v(111): truncated value with size 8 to match size of target (4)
Warning (10230): Verilog HDL assignment warning at exercise3.v(115): truncated value with size 32 to match size of target (4)
Warning (10230): Verilog HDL assignment warning at exercise3.v(127): truncated value with size 8 to match size of target (4)
Warning (10230): Verilog HDL assignment warning at exercise3.v(131): truncated value with size 8 to match size of target (4)
Warning (10230): Verilog HDL assignment warning at exercise3.v(135): truncated value with size 16 to match size of target (4)
Warning (10034): Output port "LEDR[8..0]" at exercise3.v(7) has no driver
Info (12128): Elaborating entity "lpm_mult16" for hierarchy "lpm_mult16:comb_313"
Info (12128): Elaborating entity "lpm_mult" for hierarchy "lpm_mult16:comb_313|lpm_mult:lpm_mult_component"
Info (12130): Elaborated megafunction instantiation "lpm_mult16:comb_313|lpm_mult:lpm_mult_component"
Info (12133): Instantiated megafunction "lpm_mult16:comb_313|lpm_mult:lpm_mult_component" with the following parameter:
    Info (12134): Parameter "lpm_hint" = "MAXIMIZE_SPEED=5"
    Info (12134): Parameter "lpm_representation" = "UNSIGNED"
    Info (12134): Parameter "lpm_type" = "LPM_MULT"
    Info (12134): Parameter "lpm_widtha" = "8"
    Info (12134): Parameter "lpm_widthb" = "8"
    Info (12134): Parameter "lpm_widthp" = "16"
    Info (12134): Parameter "lpm_widths" = "1"
Info (12021): Found 1 design units, including 1 entities, in source file db/mult_nbo.v
    Info (12023): Found entity 1: mult_nbo
Info (12128): Elaborating entity "mult_nbo" for hierarchy "lpm_mult16:comb_313|lpm_mult:lpm_mult_component|mult_nbo:auto_generated"
Info (12128): Elaborating entity "lpm_add16" for hierarchy "lpm_add16:comb_315"
Info (12128): Elaborating entity "lpm_add_sub" for hierarchy "lpm_add16:comb_315|lpm_add_sub:lpm_add_sub_component"
Info (12130): Elaborated megafunction instantiation "lpm_add16:comb_315|lpm_add_sub:lpm_add_sub_component"
Info (12133): Instantiated megafunction "lpm_add16:comb_315|lpm_add_sub:lpm_add_sub_component" with the following parameter:
    Info (12134): Parameter "lpm_direction" = "ADD"
    Info (12134): Parameter "lpm_hint" = "ONE_INPUT_IS_CONSTANT=NO,CIN_USED=N0"
    Info (12134): Parameter "lpm_type" = "LPM_ADD_SUB"
    Info (12134): Parameter "lpm_width" = "16"
Info (12021): Found 1 design units, including 1 entities, in source file db/add_sub_qif.tdf
    Info (12023): Found entity 1: add_sub_qif
Info (12128): Elaborating entity "add_sub_qif" for hierarchy "lpm_add16:comb_315|lpm_add_sub:lpm_add_sub_component|add_sub_qif:auto_generated"
Info (12128): Elaborating entity "seven" for hierarchy "seven:comb_316"
Warning (10230): Verilog HDL assignment warning at exercise3.v(160): truncated value with size 32 to match size of target (1)
Warning (10230): Verilog HDL assignment warning at exercise3.v(161): truncated value with size 32 to match size of target (1)
Warning (10230): Verilog HDL assignment warning at exercise3.v(162): truncated value with size 32 to match size of target (1)
Warning (10230): Verilog HDL assignment warning at exercise3.v(163): truncated value with size 32 to match size of target (1)
Warning (10230): Verilog HDL assignment warning at exercise3.v(164): truncated value with size 32 to match size of target (1)
Warning (10230): Verilog HDL assignment warning at exercise3.v(165): truncated value with size 32 to match size of target (1)
Warning (10230): Verilog HDL assignment warning at exercise3.v(166): truncated value with size 32 to match size of target (1)
Warning (13024): Output pins are stuck at VCC or GND
    Warning (13410): Pin "LEDR[0]" is stuck at GND
    Warning (13410): Pin "LEDR[1]" is stuck at GND
    Warning (13410): Pin "LEDR[2]" is stuck at GND
    Warning (13410): Pin "LEDR[3]" is stuck at GND
    Warning (13410): Pin "LEDR[4]" is stuck at GND
    Warning (13410): Pin "LEDR[5]" is stuck at GND
    Warning (13410): Pin "LEDR[6]" is stuck at GND
    Warning (13410): Pin "LEDR[7]" is stuck at GND
    Warning (13410): Pin "LEDR[8]" is stuck at GND
Info (286030): Timing-Driven Synthesis is running
Info (16010): Generating hard_block partition "hard_block:auto_generated_inst"
    Info (16011): Adding 0 node(s), including 0 DDIO, 0 PLL, 0 transceiver and 0 LCELL
Info (21057): Implemented 167 device resources after synthesis - the final resource count might be different
    Info (21058): Implemented 14 input pins
    Info (21059): Implemented 38 output pins
    Info (21061): Implemented 113 logic cells
    Info (21062): Implemented 2 DSP elements
Info: Quartus II 64-Bit Analysis & Synthesis was successful. 0 errors, 37 warnings
    Info: Peak virtual memory: 4726 megabytes
    Info: Processing ended: Sun Jul 09 21:10:17 2023
    Info: Elapsed time: 00:00:14
    Info: Total CPU time (on all processors): 00:00:02


