Analysis & Synthesis report for exercise6
Sat Jul 22 22:40:30 2023
Quartus II 64-Bit Version 13.1.0 Build 162 10/23/2013 SJ Full Version


---------------------
; Table of Contents ;
---------------------
  1. Legal Notice
  2. Analysis & Synthesis Summary
  3. Analysis & Synthesis Settings
  4. Parallel Compilation
  5. Analysis & Synthesis Source Files Read
  6. Analysis & Synthesis Resource Usage Summary
  7. Analysis & Synthesis Resource Utilization by Entity
  8. Analysis & Synthesis RAM Summary
  9. Analysis & Synthesis IP Cores Summary
 10. General Register Statistics
 11. Multiplexer Restructuring Statistics (Restructuring Performed)
 12. Source assignments for ROM_1:comb_26|altsyncram:altsyncram_component|altsyncram_eoh1:auto_generated
 13. Parameter Settings for User Entity Instance: ROM_1:comb_26|altsyncram:altsyncram_component
 14. altsyncram Parameter Settings by Entity Instance
 15. Elapsed Time Per Partition
 16. Analysis & Synthesis Messages



----------------
; Legal Notice ;
----------------
Copyright (C) 1991-2013 Altera Corporation
Your use of Altera Corporation's design tools, logic functions 
and other software and tools, and its AMPP partner logic 
functions, and any output files from any of the foregoing 
(including device programming or simulation files), and any 
associated documentation or information are expressly subject 
to the terms and conditions of the Altera Program License 
Subscription Agreement, Altera MegaCore Function License 
Agreement, or other applicable license agreement, including, 
without limitation, that your use is for the sole purpose of 
programming logic devices manufactured by Altera and sold by 
Altera or its authorized distributors.  Please refer to the 
applicable agreement for further details.



+-------------------------------------------------------------------------------+
; Analysis & Synthesis Summary                                                  ;
+---------------------------------+---------------------------------------------+
; Analysis & Synthesis Status     ; Successful - Sat Jul 22 22:40:29 2023       ;
; Quartus II 64-Bit Version       ; 13.1.0 Build 162 10/23/2013 SJ Full Version ;
; Revision Name                   ; exercise6                                   ;
; Top-level Entity Name           ; exercise6                                   ;
; Family                          ; Cyclone V                                   ;
; Logic utilization (in ALMs)     ; N/A                                         ;
; Total registers                 ; 82                                          ;
; Total pins                      ; 53                                          ;
; Total virtual pins              ; 0                                           ;
; Total block memory bits         ; 256                                         ;
; Total DSP Blocks                ; 0                                           ;
; Total HSSI RX PCSs              ; 0                                           ;
; Total HSSI PMA RX Deserializers ; 0                                           ;
; Total HSSI TX PCSs              ; 0                                           ;
; Total HSSI TX Channels          ; 0                                           ;
; Total PLLs                      ; 0                                           ;
; Total DLLs                      ; 0                                           ;
+---------------------------------+---------------------------------------------+


+---------------------------------------------------------------------------------------------------------------------------+
; Analysis & Synthesis Settings                                                                                             ;
+---------------------------------------------------------------------------------+--------------------+--------------------+
; Option                                                                          ; Setting            ; Default Value      ;
+---------------------------------------------------------------------------------+--------------------+--------------------+
; Device                                                                          ; 5CSEMA5F31C6       ;                    ;
; Top-level entity name                                                           ; exercise6          ; exercise6          ;
; Family name                                                                     ; Cyclone V          ; Cyclone IV GX      ;
; Use smart compilation                                                           ; Off                ; Off                ;
; Enable parallel Assembler and TimeQuest Timing Analyzer during compilation      ; On                 ; On                 ;
; Enable compact report table                                                     ; Off                ; Off                ;
; Restructure Multiplexers                                                        ; Auto               ; Auto               ;
; MLAB Add Timing Constraints For Mixed-Port Feed-Through Mode Setting Don't Care ; Off                ; Off                ;
; Create Debugging Nodes for IP Cores                                             ; Off                ; Off                ;
; Preserve fewer node names                                                       ; On                 ; On                 ;
; Disable OpenCore Plus hardware evaluation                                       ; Off                ; Off                ;
; Verilog Version                                                                 ; Verilog_2001       ; Verilog_2001       ;
; VHDL Version                                                                    ; VHDL_1993          ; VHDL_1993          ;
; State Machine Processing                                                        ; Auto               ; Auto               ;
; Safe State Machine                                                              ; Off                ; Off                ;
; Extract Verilog State Machines                                                  ; On                 ; On                 ;
; Extract VHDL State Machines                                                     ; On                 ; On                 ;
; Ignore Verilog initial constructs                                               ; Off                ; Off                ;
; Iteration limit for constant Verilog loops                                      ; 5000               ; 5000               ;
; Iteration limit for non-constant Verilog loops                                  ; 250                ; 250                ;
; Add Pass-Through Logic to Inferred RAMs                                         ; On                 ; On                 ;
; Infer RAMs from Raw Logic                                                       ; On                 ; On                 ;
; Parallel Synthesis                                                              ; On                 ; On                 ;
; DSP Block Balancing                                                             ; Auto               ; Auto               ;
; NOT Gate Push-Back                                                              ; On                 ; On                 ;
; Power-Up Don't Care                                                             ; On                 ; On                 ;
; Remove Redundant Logic Cells                                                    ; Off                ; Off                ;
; Remove Duplicate Registers                                                      ; On                 ; On                 ;
; Ignore CARRY Buffers                                                            ; Off                ; Off                ;
; Ignore CASCADE Buffers                                                          ; Off                ; Off                ;
; Ignore GLOBAL Buffers                                                           ; Off                ; Off                ;
; Ignore ROW GLOBAL Buffers                                                       ; Off                ; Off                ;
; Ignore LCELL Buffers                                                            ; Off                ; Off                ;
; Ignore SOFT Buffers                                                             ; On                 ; On                 ;
; Limit AHDL Integers to 32 Bits                                                  ; Off                ; Off                ;
; Optimization Technique                                                          ; Balanced           ; Balanced           ;
; Carry Chain Length                                                              ; 70                 ; 70                 ;
; Auto Carry Chains                                                               ; On                 ; On                 ;
; Auto Open-Drain Pins                                                            ; On                 ; On                 ;
; Perform WYSIWYG Primitive Resynthesis                                           ; Off                ; Off                ;
; Auto ROM Replacement                                                            ; On                 ; On                 ;
; Auto RAM Replacement                                                            ; On                 ; On                 ;
; Auto DSP Block Replacement                                                      ; On                 ; On                 ;
; Auto Shift Register Replacement                                                 ; Auto               ; Auto               ;
; Allow Shift Register Merging across Hierarchies                                 ; Auto               ; Auto               ;
; Auto Clock Enable Replacement                                                   ; On                 ; On                 ;
; Strict RAM Replacement                                                          ; Off                ; Off                ;
; Allow Synchronous Control Signals                                               ; On                 ; On                 ;
; Force Use of Synchronous Clear Signals                                          ; Off                ; Off                ;
; Auto Resource Sharing                                                           ; Off                ; Off                ;
; Allow Any RAM Size For Recognition                                              ; Off                ; Off                ;
; Allow Any ROM Size For Recognition                                              ; Off                ; Off                ;
; Allow Any Shift Register Size For Recognition                                   ; Off                ; Off                ;
; Use LogicLock Constraints during Resource Balancing                             ; On                 ; On                 ;
; Ignore translate_off and synthesis_off directives                               ; Off                ; Off                ;
; Timing-Driven Synthesis                                                         ; On                 ; On                 ;
; Report Parameter Settings                                                       ; On                 ; On                 ;
; Report Source Assignments                                                       ; On                 ; On                 ;
; Report Connectivity Checks                                                      ; On                 ; On                 ;
; Ignore Maximum Fan-Out Assignments                                              ; Off                ; Off                ;
; Synchronization Register Chain Length                                           ; 3                  ; 3                  ;
; PowerPlay Power Optimization                                                    ; Normal compilation ; Normal compilation ;
; HDL message level                                                               ; Level2             ; Level2             ;
; Suppress Register Optimization Related Messages                                 ; Off                ; Off                ;
; Number of Removed Registers Reported in Synthesis Report                        ; 5000               ; 5000               ;
; Number of Swept Nodes Reported in Synthesis Report                              ; 5000               ; 5000               ;
; Number of Inverted Registers Reported in Synthesis Report                       ; 100                ; 100                ;
; Clock MUX Protection                                                            ; On                 ; On                 ;
; Auto Gated Clock Conversion                                                     ; Off                ; Off                ;
; Block Design Naming                                                             ; Auto               ; Auto               ;
; SDC constraint protection                                                       ; Off                ; Off                ;
; Synthesis Effort                                                                ; Auto               ; Auto               ;
; Shift Register Replacement - Allow Asynchronous Clear Signal                    ; On                 ; On                 ;
; Pre-Mapping Resynthesis Optimization                                            ; Off                ; Off                ;
; Analysis & Synthesis Message Level                                              ; Medium             ; Medium             ;
; Disable Register Merging Across Hierarchies                                     ; Auto               ; Auto               ;
; Resource Aware Inference For Block RAM                                          ; On                 ; On                 ;
; Synthesis Seed                                                                  ; 1                  ; 1                  ;
; Automatic Parallel Synthesis                                                    ; On                 ; On                 ;
+---------------------------------------------------------------------------------+--------------------+--------------------+


+------------------------------------------+
; Parallel Compilation                     ;
+----------------------------+-------------+
; Processors                 ; Number      ;
+----------------------------+-------------+
; Number detected on machine ; 8           ;
; Maximum allowed            ; 4           ;
;                            ;             ;
; Average used               ; 1.00        ;
; Maximum used               ; 1           ;
;                            ;             ;
; Usage by Processor         ; % Time Used ;
;     Processor 1            ; 100.0%      ;
;     Processors 2-8         ;   0.0%      ;
+----------------------------+-------------+


+------------------------------------------------------------------------------------------------------------------------------------------------------------------------+
; Analysis & Synthesis Source Files Read                                                                                                                                 ;
+----------------------------------+-----------------+----------------------------------+----------------------------------------------------------------------+---------+
; File Name with User-Entered Path ; Used in Netlist ; File Type                        ; File Name with Absolute Path                                         ; Library ;
+----------------------------------+-----------------+----------------------------------+----------------------------------------------------------------------+---------+
; exercise6.v                      ; yes             ; User Verilog HDL File            ; D:/AFPGA/EX6/exercise6.v                                             ;         ;
; ROM_1.v                          ; yes             ; User Wizard-Generated File       ; D:/AFPGA/EX6/ROM_1.v                                                 ;         ;
; rom1.mif                         ; yes             ; User Memory Initialization File  ; D:/AFPGA/EX6/rom1.mif                                                ;         ;
; altsyncram.tdf                   ; yes             ; Megafunction                     ; d:/altera/13.1/quartus/libraries/megafunctions/altsyncram.tdf        ;         ;
; stratix_ram_block.inc            ; yes             ; Megafunction                     ; d:/altera/13.1/quartus/libraries/megafunctions/stratix_ram_block.inc ;         ;
; lpm_mux.inc                      ; yes             ; Megafunction                     ; d:/altera/13.1/quartus/libraries/megafunctions/lpm_mux.inc           ;         ;
; lpm_decode.inc                   ; yes             ; Megafunction                     ; d:/altera/13.1/quartus/libraries/megafunctions/lpm_decode.inc        ;         ;
; aglobal131.inc                   ; yes             ; Megafunction                     ; d:/altera/13.1/quartus/libraries/megafunctions/aglobal131.inc        ;         ;
; a_rdenreg.inc                    ; yes             ; Megafunction                     ; d:/altera/13.1/quartus/libraries/megafunctions/a_rdenreg.inc         ;         ;
; altrom.inc                       ; yes             ; Megafunction                     ; d:/altera/13.1/quartus/libraries/megafunctions/altrom.inc            ;         ;
; altram.inc                       ; yes             ; Megafunction                     ; d:/altera/13.1/quartus/libraries/megafunctions/altram.inc            ;         ;
; altdpram.inc                     ; yes             ; Megafunction                     ; d:/altera/13.1/quartus/libraries/megafunctions/altdpram.inc          ;         ;
; db/altsyncram_eoh1.tdf           ; yes             ; Auto-Generated Megafunction      ; D:/AFPGA/EX6/db/altsyncram_eoh1.tdf                                  ;         ;
+----------------------------------+-----------------+----------------------------------+----------------------------------------------------------------------+---------+


+------------------------------------------------------------+
; Analysis & Synthesis Resource Usage Summary                ;
+---------------------------------------------+--------------+
; Resource                                    ; Usage        ;
+---------------------------------------------+--------------+
; Estimate of Logic utilization (ALMs needed) ; 99           ;
;                                             ;              ;
; Combinational ALUT usage for logic          ; 148          ;
;     -- 7 input functions                    ; 0            ;
;     -- 6 input functions                    ; 40           ;
;     -- 5 input functions                    ; 27           ;
;     -- 4 input functions                    ; 59           ;
;     -- <=3 input functions                  ; 22           ;
;                                             ;              ;
; Dedicated logic registers                   ; 82           ;
;                                             ;              ;
; I/O pins                                    ; 53           ;
; Total MLAB memory bits                      ; 0            ;
; Total block memory bits                     ; 256          ;
; Total DSP Blocks                            ; 0            ;
; Maximum fan-out node                        ; KEY[0]~input ;
; Maximum fan-out                             ; 82           ;
; Total fan-out                               ; 1139         ;
; Average fan-out                             ; 3.31         ;
+---------------------------------------------+--------------+


+----------------------------------------------------------------------------------------------------------------------------------------------------------------------------------------------------------------------------------------------+
; Analysis & Synthesis Resource Utilization by Entity                                                                                                                                                                                          ;
+-------------------------------------------+-------------------+--------------+-------------------+------------+------+--------------+-----------------------------------------------------------------------------------------+--------------+
; Compilation Hierarchy Node                ; LC Combinationals ; LC Registers ; Block Memory Bits ; DSP Blocks ; Pins ; Virtual Pins ; Full Hierarchy Name                                                                     ; Library Name ;
+-------------------------------------------+-------------------+--------------+-------------------+------------+------+--------------+-----------------------------------------------------------------------------------------+--------------+
; |exercise6                                ; 148 (13)          ; 82 (6)       ; 256               ; 0          ; 53   ; 0            ; |exercise6                                                                              ; work         ;
;    |ROM_1:comb_26|                        ; 0 (0)             ; 0 (0)        ; 256               ; 0          ; 0    ; 0            ; |exercise6|ROM_1:comb_26                                                                ; work         ;
;       |altsyncram:altsyncram_component|   ; 0 (0)             ; 0 (0)        ; 256               ; 0          ; 0    ; 0            ; |exercise6|ROM_1:comb_26|altsyncram:altsyncram_component                                ; work         ;
;          |altsyncram_eoh1:auto_generated| ; 0 (0)             ; 0 (0)        ; 256               ; 0          ; 0    ; 0            ; |exercise6|ROM_1:comb_26|altsyncram:altsyncram_component|altsyncram_eoh1:auto_generated ; work         ;
;    |proc:comb_28|                         ; 91 (91)           ; 76 (76)      ; 0                 ; 0          ; 0    ; 0            ; |exercise6|proc:comb_28                                                                 ; work         ;
;    |seven:comb_62|                        ; 8 (8)             ; 0 (0)        ; 0                 ; 0          ; 0    ; 0            ; |exercise6|seven:comb_62                                                                ; work         ;
;    |seven:comb_63|                        ; 8 (8)             ; 0 (0)        ; 0                 ; 0          ; 0    ; 0            ; |exercise6|seven:comb_63                                                                ; work         ;
;    |seven:comb_64|                        ; 7 (7)             ; 0 (0)        ; 0                 ; 0          ; 0    ; 0            ; |exercise6|seven:comb_64                                                                ; work         ;
;    |seven:comb_65|                        ; 7 (7)             ; 0 (0)        ; 0                 ; 0          ; 0    ; 0            ; |exercise6|seven:comb_65                                                                ; work         ;
;    |seven:comb_66|                        ; 7 (7)             ; 0 (0)        ; 0                 ; 0          ; 0    ; 0            ; |exercise6|seven:comb_66                                                                ; work         ;
;    |seven:comb_67|                        ; 7 (7)             ; 0 (0)        ; 0                 ; 0          ; 0    ; 0            ; |exercise6|seven:comb_67                                                                ; work         ;
+-------------------------------------------+-------------------+--------------+-------------------+------------+------+--------------+-----------------------------------------------------------------------------------------+--------------+
Note: For table entries with two numbers listed, the numbers in parentheses indicate the number of resources of the given type used by the specific entity alone. The numbers listed outside of parentheses indicate the total resources of the given type used by the specific entity and all of its sub-entities in the hierarchy.


+-------------------------------------------------------------------------------------------------------------------------------------------------------------------------------------------+
; Analysis & Synthesis RAM Summary                                                                                                                                                          ;
+-----------------------------------------------------------------------------------------+------------+------+--------------+--------------+--------------+--------------+------+----------+
; Name                                                                                    ; Type       ; Mode ; Port A Depth ; Port A Width ; Port B Depth ; Port B Width ; Size ; MIF      ;
+-----------------------------------------------------------------------------------------+------------+------+--------------+--------------+--------------+--------------+------+----------+
; ROM_1:comb_26|altsyncram:altsyncram_component|altsyncram_eoh1:auto_generated|ALTSYNCRAM ; M10K block ; ROM  ; 32           ; 8            ; --           ; --           ; 256  ; rom1.mif ;
+-----------------------------------------------------------------------------------------+------------+------+--------------+--------------+--------------+--------------+------+----------+


+-----------------------------------------------------------------------------------------------------------------+
; Analysis & Synthesis IP Cores Summary                                                                           ;
+--------+--------------+---------+--------------+--------------+--------------------------+----------------------+
; Vendor ; IP Core Name ; Version ; Release Date ; License Type ; Entity Instance          ; IP Include File      ;
+--------+--------------+---------+--------------+--------------+--------------------------+----------------------+
; Altera ; ROM: 1-PORT  ; 13.1    ; N/A          ; N/A          ; |exercise6|ROM_1:comb_26 ; D:/AFPGA/EX6/ROM_1.v ;
+--------+--------------+---------+--------------+--------------+--------------------------+----------------------+


+------------------------------------------------------+
; General Register Statistics                          ;
+----------------------------------------------+-------+
; Statistic                                    ; Value ;
+----------------------------------------------+-------+
; Total registers                              ; 82    ;
; Number of registers using Synchronous Clear  ; 1     ;
; Number of registers using Synchronous Load   ; 0     ;
; Number of registers using Asynchronous Clear ; 82    ;
; Number of registers using Asynchronous Load  ; 0     ;
; Number of registers using Clock Enable       ; 64    ;
; Number of registers using Preset             ; 0     ;
+----------------------------------------------+-------+


+------------------------------------------------------------------------------------------------------------------------------------------------------+
; Multiplexer Restructuring Statistics (Restructuring Performed)                                                                                       ;
+--------------------+-----------+---------------+----------------------+------------------------+------------+----------------------------------------+
; Multiplexer Inputs ; Bus Width ; Baseline Area ; Area if Restructured ; Saving if Restructured ; Registered ; Example Multiplexer Output             ;
+--------------------+-----------+---------------+----------------------+------------------------+------------+----------------------------------------+
; 9:1                ; 8 bits    ; 48 LEs        ; 16 LEs               ; 32 LEs                 ; Yes        ; |exercise6|proc:comb_28|Register[7][6] ;
; 9:1                ; 8 bits    ; 48 LEs        ; 16 LEs               ; 32 LEs                 ; Yes        ; |exercise6|proc:comb_28|Register[6][6] ;
; 9:1                ; 8 bits    ; 48 LEs        ; 16 LEs               ; 32 LEs                 ; Yes        ; |exercise6|proc:comb_28|Register[5][3] ;
; 9:1                ; 8 bits    ; 48 LEs        ; 16 LEs               ; 32 LEs                 ; Yes        ; |exercise6|proc:comb_28|Register[4][3] ;
; 9:1                ; 8 bits    ; 48 LEs        ; 16 LEs               ; 32 LEs                 ; Yes        ; |exercise6|proc:comb_28|Register[3][0] ;
; 9:1                ; 8 bits    ; 48 LEs        ; 16 LEs               ; 32 LEs                 ; Yes        ; |exercise6|proc:comb_28|Register[2][0] ;
; 9:1                ; 8 bits    ; 48 LEs        ; 16 LEs               ; 32 LEs                 ; Yes        ; |exercise6|proc:comb_28|Register[1][5] ;
; 9:1                ; 8 bits    ; 48 LEs        ; 16 LEs               ; 32 LEs                 ; Yes        ; |exercise6|proc:comb_28|Register[0][1] ;
; 8:1                ; 8 bits    ; 40 LEs        ; 40 LEs               ; 0 LEs                  ; No         ; |exercise6|proc:comb_28|Mux3           ;
; 8:1                ; 8 bits    ; 40 LEs        ; 40 LEs               ; 0 LEs                  ; No         ; |exercise6|proc:comb_28|Mux12          ;
+--------------------+-----------+---------------+----------------------+------------------------+------------+----------------------------------------+


+-----------------------------------------------------------------------------------------------------+
; Source assignments for ROM_1:comb_26|altsyncram:altsyncram_component|altsyncram_eoh1:auto_generated ;
+---------------------------------+--------------------+------+---------------------------------------+
; Assignment                      ; Value              ; From ; To                                    ;
+---------------------------------+--------------------+------+---------------------------------------+
; OPTIMIZE_POWER_DURING_SYNTHESIS ; NORMAL_COMPILATION ; -    ; -                                     ;
+---------------------------------+--------------------+------+---------------------------------------+


+--------------------------------------------------------------------------------------------+
; Parameter Settings for User Entity Instance: ROM_1:comb_26|altsyncram:altsyncram_component ;
+------------------------------------+----------------------+--------------------------------+
; Parameter Name                     ; Value                ; Type                           ;
+------------------------------------+----------------------+--------------------------------+
; BYTE_SIZE_BLOCK                    ; 8                    ; Untyped                        ;
; AUTO_CARRY_CHAINS                  ; ON                   ; AUTO_CARRY                     ;
; IGNORE_CARRY_BUFFERS               ; OFF                  ; IGNORE_CARRY                   ;
; AUTO_CASCADE_CHAINS                ; ON                   ; AUTO_CASCADE                   ;
; IGNORE_CASCADE_BUFFERS             ; OFF                  ; IGNORE_CASCADE                 ;
; WIDTH_BYTEENA                      ; 1                    ; Untyped                        ;
; OPERATION_MODE                     ; ROM                  ; Untyped                        ;
; WIDTH_A                            ; 8                    ; Signed Integer                 ;
; WIDTHAD_A                          ; 5                    ; Signed Integer                 ;
; NUMWORDS_A                         ; 32                   ; Signed Integer                 ;
; OUTDATA_REG_A                      ; UNREGISTERED         ; Untyped                        ;
; ADDRESS_ACLR_A                     ; NONE                 ; Untyped                        ;
; OUTDATA_ACLR_A                     ; NONE                 ; Untyped                        ;
; WRCONTROL_ACLR_A                   ; NONE                 ; Untyped                        ;
; INDATA_ACLR_A                      ; NONE                 ; Untyped                        ;
; BYTEENA_ACLR_A                     ; NONE                 ; Untyped                        ;
; WIDTH_B                            ; 1                    ; Untyped                        ;
; WIDTHAD_B                          ; 1                    ; Untyped                        ;
; NUMWORDS_B                         ; 1                    ; Untyped                        ;
; INDATA_REG_B                       ; CLOCK1               ; Untyped                        ;
; WRCONTROL_WRADDRESS_REG_B          ; CLOCK1               ; Untyped                        ;
; RDCONTROL_REG_B                    ; CLOCK1               ; Untyped                        ;
; ADDRESS_REG_B                      ; CLOCK1               ; Untyped                        ;
; OUTDATA_REG_B                      ; UNREGISTERED         ; Untyped                        ;
; BYTEENA_REG_B                      ; CLOCK1               ; Untyped                        ;
; INDATA_ACLR_B                      ; NONE                 ; Untyped                        ;
; WRCONTROL_ACLR_B                   ; NONE                 ; Untyped                        ;
; ADDRESS_ACLR_B                     ; NONE                 ; Untyped                        ;
; OUTDATA_ACLR_B                     ; NONE                 ; Untyped                        ;
; RDCONTROL_ACLR_B                   ; NONE                 ; Untyped                        ;
; BYTEENA_ACLR_B                     ; NONE                 ; Untyped                        ;
; WIDTH_BYTEENA_A                    ; 1                    ; Signed Integer                 ;
; WIDTH_BYTEENA_B                    ; 1                    ; Untyped                        ;
; RAM_BLOCK_TYPE                     ; M10K                 ; Untyped                        ;
; BYTE_SIZE                          ; 8                    ; Untyped                        ;
; READ_DURING_WRITE_MODE_MIXED_PORTS ; DONT_CARE            ; Untyped                        ;
; READ_DURING_WRITE_MODE_PORT_A      ; NEW_DATA_NO_NBE_READ ; Untyped                        ;
; READ_DURING_WRITE_MODE_PORT_B      ; NEW_DATA_NO_NBE_READ ; Untyped                        ;
; INIT_FILE                          ; rom1.mif             ; Untyped                        ;
; INIT_FILE_LAYOUT                   ; PORT_A               ; Untyped                        ;
; MAXIMUM_DEPTH                      ; 0                    ; Untyped                        ;
; CLOCK_ENABLE_INPUT_A               ; BYPASS               ; Untyped                        ;
; CLOCK_ENABLE_INPUT_B               ; NORMAL               ; Untyped                        ;
; CLOCK_ENABLE_OUTPUT_A              ; BYPASS               ; Untyped                        ;
; CLOCK_ENABLE_OUTPUT_B              ; NORMAL               ; Untyped                        ;
; CLOCK_ENABLE_CORE_A                ; USE_INPUT_CLKEN      ; Untyped                        ;
; CLOCK_ENABLE_CORE_B                ; USE_INPUT_CLKEN      ; Untyped                        ;
; ENABLE_ECC                         ; FALSE                ; Untyped                        ;
; ECC_PIPELINE_STAGE_ENABLED         ; FALSE                ; Untyped                        ;
; WIDTH_ECCSTATUS                    ; 3                    ; Untyped                        ;
; DEVICE_FAMILY                      ; Cyclone V            ; Untyped                        ;
; CBXI_PARAMETER                     ; altsyncram_eoh1      ; Untyped                        ;
+------------------------------------+----------------------+--------------------------------+
Note: In order to hide this table in the UI and the text report file, please set the "Show Parameter Settings in Synthesis Report" option in "Analysis and Synthesis Settings -> More Settings" to "Off".


+-------------------------------------------------------------------------------------------+
; altsyncram Parameter Settings by Entity Instance                                          ;
+-------------------------------------------+-----------------------------------------------+
; Name                                      ; Value                                         ;
+-------------------------------------------+-----------------------------------------------+
; Number of entity instances                ; 1                                             ;
; Entity Instance                           ; ROM_1:comb_26|altsyncram:altsyncram_component ;
;     -- OPERATION_MODE                     ; ROM                                           ;
;     -- WIDTH_A                            ; 8                                             ;
;     -- NUMWORDS_A                         ; 32                                            ;
;     -- OUTDATA_REG_A                      ; UNREGISTERED                                  ;
;     -- WIDTH_B                            ; 1                                             ;
;     -- NUMWORDS_B                         ; 1                                             ;
;     -- ADDRESS_REG_B                      ; CLOCK1                                        ;
;     -- OUTDATA_REG_B                      ; UNREGISTERED                                  ;
;     -- RAM_BLOCK_TYPE                     ; M10K                                          ;
;     -- READ_DURING_WRITE_MODE_MIXED_PORTS ; DONT_CARE                                     ;
+-------------------------------------------+-----------------------------------------------+


+-------------------------------+
; Elapsed Time Per Partition    ;
+----------------+--------------+
; Partition Name ; Elapsed Time ;
+----------------+--------------+
; Top            ; 00:00:01     ;
+----------------+--------------+


+-------------------------------+
; Analysis & Synthesis Messages ;
+-------------------------------+
Info: *******************************************************************
Info: Running Quartus II 64-Bit Analysis & Synthesis
    Info: Version 13.1.0 Build 162 10/23/2013 SJ Full Version
    Info: Processing started: Sat Jul 22 22:40:13 2023
Info: Command: quartus_map --read_settings_files=on --write_settings_files=off exercise6 -c exercise6
Info (11104): Parallel Compilation has detected 8 hyper-threaded processors. However, the extra hyper-threaded processors will not be used by default. Parallel Compilation will use 4 of the 4 physical processors detected instead.
Info (12021): Found 3 design units, including 3 entities, in source file exercise6.v
    Info (12023): Found entity 1: exercise6
    Info (12023): Found entity 2: seven
    Info (12023): Found entity 3: proc
Info (12021): Found 1 design units, including 1 entities, in source file rom1.v
    Info (12023): Found entity 1: rom1
Info (12021): Found 1 design units, including 1 entities, in source file rom_1.v
    Info (12023): Found entity 1: ROM_1
Critical Warning (10846): Verilog HDL Instantiation warning at exercise6.v(24): instance has no name
Critical Warning (10846): Verilog HDL Instantiation warning at exercise6.v(26): instance has no name
Critical Warning (10846): Verilog HDL Instantiation warning at exercise6.v(52): instance has no name
Critical Warning (10846): Verilog HDL Instantiation warning at exercise6.v(53): instance has no name
Critical Warning (10846): Verilog HDL Instantiation warning at exercise6.v(54): instance has no name
Critical Warning (10846): Verilog HDL Instantiation warning at exercise6.v(55): instance has no name
Critical Warning (10846): Verilog HDL Instantiation warning at exercise6.v(56): instance has no name
Critical Warning (10846): Verilog HDL Instantiation warning at exercise6.v(57): instance has no name
Info (12127): Elaborating entity "exercise6" for the top level hierarchy
Warning (10230): Verilog HDL assignment warning at exercise6.v(21): truncated value with size 32 to match size of target (5)
Warning (10230): Verilog HDL assignment warning at exercise6.v(34): truncated value with size 32 to match size of target (4)
Warning (10230): Verilog HDL assignment warning at exercise6.v(35): truncated value with size 32 to match size of target (4)
Warning (10230): Verilog HDL assignment warning at exercise6.v(36): truncated value with size 32 to match size of target (4)
Warning (10230): Verilog HDL assignment warning at exercise6.v(37): truncated value with size 32 to match size of target (4)
Warning (10230): Verilog HDL assignment warning at exercise6.v(43): truncated value with size 32 to match size of target (4)
Warning (10230): Verilog HDL assignment warning at exercise6.v(50): truncated value with size 32 to match size of target (4)
Info (12128): Elaborating entity "ROM_1" for hierarchy "ROM_1:comb_26"
Info (12128): Elaborating entity "altsyncram" for hierarchy "ROM_1:comb_26|altsyncram:altsyncram_component"
Info (12130): Elaborated megafunction instantiation "ROM_1:comb_26|altsyncram:altsyncram_component"
Info (12133): Instantiated megafunction "ROM_1:comb_26|altsyncram:altsyncram_component" with the following parameter:
    Info (12134): Parameter "address_aclr_a" = "NONE"
    Info (12134): Parameter "clock_enable_input_a" = "BYPASS"
    Info (12134): Parameter "clock_enable_output_a" = "BYPASS"
    Info (12134): Parameter "init_file" = "rom1.mif"
    Info (12134): Parameter "intended_device_family" = "Cyclone V"
    Info (12134): Parameter "lpm_hint" = "ENABLE_RUNTIME_MOD=NO"
    Info (12134): Parameter "lpm_type" = "altsyncram"
    Info (12134): Parameter "numwords_a" = "32"
    Info (12134): Parameter "operation_mode" = "ROM"
    Info (12134): Parameter "outdata_aclr_a" = "NONE"
    Info (12134): Parameter "outdata_reg_a" = "UNREGISTERED"
    Info (12134): Parameter "ram_block_type" = "M10K"
    Info (12134): Parameter "widthad_a" = "5"
    Info (12134): Parameter "width_a" = "8"
    Info (12134): Parameter "width_byteena_a" = "1"
Info (12021): Found 1 design units, including 1 entities, in source file db/altsyncram_eoh1.tdf
    Info (12023): Found entity 1: altsyncram_eoh1
Info (12128): Elaborating entity "altsyncram_eoh1" for hierarchy "ROM_1:comb_26|altsyncram:altsyncram_component|altsyncram_eoh1:auto_generated"
Info (12128): Elaborating entity "proc" for hierarchy "proc:comb_28"
Info (12128): Elaborating entity "seven" for hierarchy "seven:comb_62"
Warning (10230): Verilog HDL assignment warning at exercise6.v(63): truncated value with size 32 to match size of target (1)
Warning (10230): Verilog HDL assignment warning at exercise6.v(64): truncated value with size 32 to match size of target (1)
Warning (10230): Verilog HDL assignment warning at exercise6.v(65): truncated value with size 32 to match size of target (1)
Warning (10230): Verilog HDL assignment warning at exercise6.v(66): truncated value with size 32 to match size of target (1)
Warning (10230): Verilog HDL assignment warning at exercise6.v(67): truncated value with size 32 to match size of target (1)
Warning (10230): Verilog HDL assignment warning at exercise6.v(68): truncated value with size 32 to match size of target (1)
Warning (10230): Verilog HDL assignment warning at exercise6.v(69): truncated value with size 32 to match size of target (1)
Info (286030): Timing-Driven Synthesis is running
Info (16010): Generating hard_block partition "hard_block:auto_generated_inst"
    Info (16011): Adding 0 node(s), including 0 DDIO, 0 PLL, 0 transceiver and 0 LCELL
Info (21057): Implemented 285 device resources after synthesis - the final resource count might be different
    Info (21058): Implemented 3 input pins
    Info (21059): Implemented 50 output pins
    Info (21061): Implemented 224 logic cells
    Info (21064): Implemented 8 RAM segments
Info: Quartus II 64-Bit Analysis & Synthesis was successful. 0 errors, 22 warnings
    Info: Peak virtual memory: 4711 megabytes
    Info: Processing ended: Sat Jul 22 22:40:30 2023
    Info: Elapsed time: 00:00:17
    Info: Total CPU time (on all processors): 00:00:02


