Flow report for exercise6
Sat Jul 22 22:42:32 2023
Quartus II 64-Bit Version 13.1.0 Build 162 10/23/2013 SJ Full Version


---------------------
; Table of Contents ;
---------------------
  1. Legal Notice
  2. Flow Summary
  3. Flow Settings
  4. Flow Non-Default Global Settings
  5. Flow Elapsed Time
  6. Flow OS Summary
  7. Flow Log
  8. Flow Messages
  9. Flow Suppressed Messages



----------------
; Legal Notice ;
----------------
Copyright (C) 1991-2013 Altera Corporation
Your use of Altera Corporation's design tools, logic functions 
and other software and tools, and its AMPP partner logic 
functions, and any output files from any of the foregoing 
(including device programming or simulation files), and any 
associated documentation or information are expressly subject 
to the terms and conditions of the Altera Program License 
Subscription Agreement, Altera MegaCore Function License 
Agreement, or other applicable license agreement, including, 
without limitation, that your use is for the sole purpose of 
programming logic devices manufactured by Altera and sold by 
Altera or its authorized distributors.  Please refer to the 
applicable agreement for further details.



+-------------------------------------------------------------------------------+
; Flow Summary                                                                  ;
+---------------------------------+---------------------------------------------+
; Flow Status                     ; Successful - Sat Jul 22 22:42:32 2023       ;
; Quartus II 64-Bit Version       ; 13.1.0 Build 162 10/23/2013 SJ Full Version ;
; Revision Name                   ; exercise6                                   ;
; Top-level Entity Name           ; exercise6                                   ;
; Family                          ; Cyclone V                                   ;
; Device                          ; 5CSEMA5F31C6                                ;
; Timing Models                   ; Preliminary                                 ;
; Logic utilization (in ALMs)     ; 95 / 32,070 ( < 1 % )                       ;
; Total registers                 ; 86                                          ;
; Total pins                      ; 53 / 457 ( 12 % )                           ;
; Total virtual pins              ; 0                                           ;
; Total block memory bits         ; 256 / 4,065,280 ( < 1 % )                   ;
; Total DSP Blocks                ; 0 / 87 ( 0 % )                              ;
; Total HSSI RX PCSs              ; 0                                           ;
; Total HSSI PMA RX Deserializers ; 0                                           ;
; Total HSSI TX PCSs              ; 0                                           ;
; Total HSSI TX Channels          ; 0                                           ;
; Total PLLs                      ; 0 / 6 ( 0 % )                               ;
; Total DLLs                      ; 0 / 4 ( 0 % )                               ;
+---------------------------------+---------------------------------------------+


+-----------------------------------------+
; Flow Settings                           ;
+-------------------+---------------------+
; Option            ; Setting             ;
+-------------------+---------------------+
; Start date & time ; 07/22/2023 22:40:25 ;
; Main task         ; Compilation         ;
; Revision Name     ; exercise6           ;
+-------------------+---------------------+


+---------------------------------------------------------------------------------------------------------------------+
; Flow Non-Default Global Settings                                                                                    ;
+-------------------------------------+--------------------------------+---------------+-------------+----------------+
; Assignment Name                     ; Value                          ; Default Value ; Entity Name ; Section Id     ;
+-------------------------------------+--------------------------------+---------------+-------------+----------------+
; COMPILER_SIGNATURE_ID               ; 48710636867323.169003682504900 ; --            ; --          ; --             ;
; EDA_OUTPUT_DATA_FORMAT              ; Vhdl                           ; --            ; --          ; eda_simulation ;
; EDA_SIMULATION_TOOL                 ; ModelSim-Altera (VHDL)         ; <None>        ; --          ; --             ;
; IP_TOOL_NAME                        ; ROM: 1-PORT                    ; --            ; --          ; --             ;
; IP_TOOL_NAME                        ; ROM: 1-PORT                    ; --            ; --          ; --             ;
; IP_TOOL_VERSION                     ; 13.1                           ; --            ; --          ; --             ;
; IP_TOOL_VERSION                     ; 13.1                           ; --            ; --          ; --             ;
; MAX_CORE_JUNCTION_TEMP              ; 85                             ; --            ; --          ; --             ;
; MIN_CORE_JUNCTION_TEMP              ; 0                              ; --            ; --          ; --             ;
; MISC_FILE                           ; rom1.bsf                       ; --            ; --          ; --             ;
; MISC_FILE                           ; rom1_inst.v                    ; --            ; --          ; --             ;
; MISC_FILE                           ; rom1_bb.v                      ; --            ; --          ; --             ;
; MISC_FILE                           ; rom1.inc                       ; --            ; --          ; --             ;
; MISC_FILE                           ; rom1.cmp                       ; --            ; --          ; --             ;
; MISC_FILE                           ; ROM_1.bsf                      ; --            ; --          ; --             ;
; MISC_FILE                           ; ROM_1_inst.v                   ; --            ; --          ; --             ;
; MISC_FILE                           ; ROM_1_bb.v                     ; --            ; --          ; --             ;
; MISC_FILE                           ; ROM_1.inc                      ; --            ; --          ; --             ;
; MISC_FILE                           ; ROM_1.cmp                      ; --            ; --          ; --             ;
; PARTITION_COLOR                     ; 16764057                       ; --            ; --          ; Top            ;
; PARTITION_FITTER_PRESERVATION_LEVEL ; PLACEMENT_AND_ROUTING          ; --            ; --          ; Top            ;
; PARTITION_NETLIST_TYPE              ; SOURCE                         ; --            ; --          ; Top            ;
; PROJECT_OUTPUT_DIRECTORY            ; output_files                   ; --            ; --          ; --             ;
+-------------------------------------+--------------------------------+---------------+-------------+----------------+


+-------------------------------------------------------------------------------------------------------------------------------+
; Flow Elapsed Time                                                                                                             ;
+---------------------------+--------------+-------------------------+---------------------+------------------------------------+
; Module Name               ; Elapsed Time ; Average Processors Used ; Peak Virtual Memory ; Total CPU Time (on all processors) ;
+---------------------------+--------------+-------------------------+---------------------+------------------------------------+
; Analysis & Synthesis      ; 00:00:16     ; 1.0                     ; 4711 MB             ; 00:00:02                           ;
; Fitter                    ; 00:00:56     ; 2.0                     ; 6152 MB             ; 00:01:07                           ;
; Assembler                 ; 00:00:24     ; 1.0                     ; 4772 MB             ; 00:00:11                           ;
; TimeQuest Timing Analyzer ; 00:00:23     ; 1.0                     ; 4987 MB             ; 00:00:09                           ;
; EDA Netlist Writer        ; 00:00:12     ; 1.0                     ; 4627 MB             ; 00:00:01                           ;
; Total                     ; 00:02:11     ; --                      ; --                  ; 00:01:30                           ;
+---------------------------+--------------+-------------------------+---------------------+------------------------------------+


+----------------------------------------------------------------------------------------+
; Flow OS Summary                                                                        ;
+---------------------------+------------------+-----------+------------+----------------+
; Module Name               ; Machine Hostname ; OS Name   ; OS Version ; Processor type ;
+---------------------------+------------------+-----------+------------+----------------+
; Analysis & Synthesis      ; DESKTOP-7NRNRE5  ; Windows 7 ; 6.2        ; x86_64         ;
; Fitter                    ; DESKTOP-7NRNRE5  ; Windows 7 ; 6.2        ; x86_64         ;
; Assembler                 ; DESKTOP-7NRNRE5  ; Windows 7 ; 6.2        ; x86_64         ;
; TimeQuest Timing Analyzer ; DESKTOP-7NRNRE5  ; Windows 7 ; 6.2        ; x86_64         ;
; EDA Netlist Writer        ; DESKTOP-7NRNRE5  ; Windows 7 ; 6.2        ; x86_64         ;
+---------------------------+------------------+-----------+------------+----------------+


------------
; Flow Log ;
------------
quartus_map --read_settings_files=on --write_settings_files=off exercise6 -c exercise6
quartus_fit --read_settings_files=off --write_settings_files=off exercise6 -c exercise6
quartus_asm --read_settings_files=off --write_settings_files=off exercise6 -c exercise6
quartus_sta exercise6 -c exercise6
quartus_eda --read_settings_files=off --write_settings_files=off exercise6 -c exercise6



