Analysis & Synthesis report for exercise1
Thu Jul 06 18:31:52 2023
Quartus II 64-Bit Version 13.1.0 Build 162 10/23/2013 SJ Full Version


---------------------
; Table of Contents ;
---------------------
  1. Legal Notice
  2. Analysis & Synthesis Summary
  3. Analysis & Synthesis Settings
  4. Parallel Compilation
  5. Analysis & Synthesis Source Files Read
  6. Analysis & Synthesis Resource Usage Summary
  7. Analysis & Synthesis Resource Utilization by Entity
  8. General Register Statistics
  9. Parameter Settings for Inferred Entity Instance: lpm_divide:Mod1
 10. Parameter Settings for Inferred Entity Instance: lpm_divide:Div1
 11. Parameter Settings for Inferred Entity Instance: lpm_divide:Mod0
 12. Parameter Settings for Inferred Entity Instance: lpm_divide:Div0
 13. Parameter Settings for Inferred Entity Instance: lpm_divide:Mod2
 14. Parameter Settings for Inferred Entity Instance: lpm_divide:Div2
 15. Elapsed Time Per Partition
 16. Analysis & Synthesis Messages



----------------
; Legal Notice ;
----------------
Copyright (C) 1991-2013 Altera Corporation
Your use of Altera Corporation's design tools, logic functions 
and other software and tools, and its AMPP partner logic 
functions, and any output files from any of the foregoing 
(including device programming or simulation files), and any 
associated documentation or information are expressly subject 
to the terms and conditions of the Altera Program License 
Subscription Agreement, Altera MegaCore Function License 
Agreement, or other applicable license agreement, including, 
without limitation, that your use is for the sole purpose of 
programming logic devices manufactured by Altera and sold by 
Altera or its authorized distributors.  Please refer to the 
applicable agreement for further details.



+-------------------------------------------------------------------------------+
; Analysis & Synthesis Summary                                                  ;
+---------------------------------+---------------------------------------------+
; Analysis & Synthesis Status     ; Successful - Thu Jul 06 18:31:52 2023       ;
; Quartus II 64-Bit Version       ; 13.1.0 Build 162 10/23/2013 SJ Full Version ;
; Revision Name                   ; exercise1                                   ;
; Top-level Entity Name           ; exercise1                                   ;
; Family                          ; Cyclone V                                   ;
; Logic utilization (in ALMs)     ; N/A                                         ;
; Total registers                 ; 0                                           ;
; Total pins                      ; 78                                          ;
; Total virtual pins              ; 0                                           ;
; Total block memory bits         ; 0                                           ;
; Total DSP Blocks                ; 0                                           ;
; Total HSSI RX PCSs              ; 0                                           ;
; Total HSSI PMA RX Deserializers ; 0                                           ;
; Total HSSI TX PCSs              ; 0                                           ;
; Total HSSI TX Channels          ; 0                                           ;
; Total PLLs                      ; 0                                           ;
; Total DLLs                      ; 0                                           ;
+---------------------------------+---------------------------------------------+


+---------------------------------------------------------------------------------------------------------------------------+
; Analysis & Synthesis Settings                                                                                             ;
+---------------------------------------------------------------------------------+--------------------+--------------------+
; Option                                                                          ; Setting            ; Default Value      ;
+---------------------------------------------------------------------------------+--------------------+--------------------+
; Device                                                                          ; 5CSEMA5F31C6       ;                    ;
; Top-level entity name                                                           ; exercise1          ; exercise1          ;
; Family name                                                                     ; Cyclone V          ; Cyclone IV GX      ;
; Use smart compilation                                                           ; Off                ; Off                ;
; Enable parallel Assembler and TimeQuest Timing Analyzer during compilation      ; On                 ; On                 ;
; Enable compact report table                                                     ; Off                ; Off                ;
; Restructure Multiplexers                                                        ; Auto               ; Auto               ;
; MLAB Add Timing Constraints For Mixed-Port Feed-Through Mode Setting Don't Care ; Off                ; Off                ;
; Create Debugging Nodes for IP Cores                                             ; Off                ; Off                ;
; Preserve fewer node names                                                       ; On                 ; On                 ;
; Disable OpenCore Plus hardware evaluation                                       ; Off                ; Off                ;
; Verilog Version                                                                 ; Verilog_2001       ; Verilog_2001       ;
; VHDL Version                                                                    ; VHDL_1993          ; VHDL_1993          ;
; State Machine Processing                                                        ; Auto               ; Auto               ;
; Safe State Machine                                                              ; Off                ; Off                ;
; Extract Verilog State Machines                                                  ; On                 ; On                 ;
; Extract VHDL State Machines                                                     ; On                 ; On                 ;
; Ignore Verilog initial constructs                                               ; Off                ; Off                ;
; Iteration limit for constant Verilog loops                                      ; 5000               ; 5000               ;
; Iteration limit for non-constant Verilog loops                                  ; 250                ; 250                ;
; Add Pass-Through Logic to Inferred RAMs                                         ; On                 ; On                 ;
; Infer RAMs from Raw Logic                                                       ; On                 ; On                 ;
; Parallel Synthesis                                                              ; On                 ; On                 ;
; DSP Block Balancing                                                             ; Auto               ; Auto               ;
; NOT Gate Push-Back                                                              ; On                 ; On                 ;
; Power-Up Don't Care                                                             ; On                 ; On                 ;
; Remove Redundant Logic Cells                                                    ; Off                ; Off                ;
; Remove Duplicate Registers                                                      ; On                 ; On                 ;
; Ignore CARRY Buffers                                                            ; Off                ; Off                ;
; Ignore CASCADE Buffers                                                          ; Off                ; Off                ;
; Ignore GLOBAL Buffers                                                           ; Off                ; Off                ;
; Ignore ROW GLOBAL Buffers                                                       ; Off                ; Off                ;
; Ignore LCELL Buffers                                                            ; Off                ; Off                ;
; Ignore SOFT Buffers                                                             ; On                 ; On                 ;
; Limit AHDL Integers to 32 Bits                                                  ; Off                ; Off                ;
; Optimization Technique                                                          ; Balanced           ; Balanced           ;
; Carry Chain Length                                                              ; 70                 ; 70                 ;
; Auto Carry Chains                                                               ; On                 ; On                 ;
; Auto Open-Drain Pins                                                            ; On                 ; On                 ;
; Perform WYSIWYG Primitive Resynthesis                                           ; Off                ; Off                ;
; Auto ROM Replacement                                                            ; On                 ; On                 ;
; Auto RAM Replacement                                                            ; On                 ; On                 ;
; Auto DSP Block Replacement                                                      ; On                 ; On                 ;
; Auto Shift Register Replacement                                                 ; Auto               ; Auto               ;
; Allow Shift Register Merging across Hierarchies                                 ; Auto               ; Auto               ;
; Auto Clock Enable Replacement                                                   ; On                 ; On                 ;
; Strict RAM Replacement                                                          ; Off                ; Off                ;
; Allow Synchronous Control Signals                                               ; On                 ; On                 ;
; Force Use of Synchronous Clear Signals                                          ; Off                ; Off                ;
; Auto Resource Sharing                                                           ; Off                ; Off                ;
; Allow Any RAM Size For Recognition                                              ; Off                ; Off                ;
; Allow Any ROM Size For Recognition                                              ; Off                ; Off                ;
; Allow Any Shift Register Size For Recognition                                   ; Off                ; Off                ;
; Use LogicLock Constraints during Resource Balancing                             ; On                 ; On                 ;
; Ignore translate_off and synthesis_off directives                               ; Off                ; Off                ;
; Timing-Driven Synthesis                                                         ; On                 ; On                 ;
; Report Parameter Settings                                                       ; On                 ; On                 ;
; Report Source Assignments                                                       ; On                 ; On                 ;
; Report Connectivity Checks                                                      ; On                 ; On                 ;
; Ignore Maximum Fan-Out Assignments                                              ; Off                ; Off                ;
; Synchronization Register Chain Length                                           ; 3                  ; 3                  ;
; PowerPlay Power Optimization                                                    ; Normal compilation ; Normal compilation ;
; HDL message level                                                               ; Level2             ; Level2             ;
; Suppress Register Optimization Related Messages                                 ; Off                ; Off                ;
; Number of Removed Registers Reported in Synthesis Report                        ; 5000               ; 5000               ;
; Number of Swept Nodes Reported in Synthesis Report                              ; 5000               ; 5000               ;
; Number of Inverted Registers Reported in Synthesis Report                       ; 100                ; 100                ;
; Clock MUX Protection                                                            ; On                 ; On                 ;
; Auto Gated Clock Conversion                                                     ; Off                ; Off                ;
; Block Design Naming                                                             ; Auto               ; Auto               ;
; SDC constraint protection                                                       ; Off                ; Off                ;
; Synthesis Effort                                                                ; Auto               ; Auto               ;
; Shift Register Replacement - Allow Asynchronous Clear Signal                    ; On                 ; On                 ;
; Pre-Mapping Resynthesis Optimization                                            ; Off                ; Off                ;
; Analysis & Synthesis Message Level                                              ; Medium             ; Medium             ;
; Disable Register Merging Across Hierarchies                                     ; Auto               ; Auto               ;
; Resource Aware Inference For Block RAM                                          ; On                 ; On                 ;
; Synthesis Seed                                                                  ; 1                  ; 1                  ;
; Automatic Parallel Synthesis                                                    ; On                 ; On                 ;
+---------------------------------------------------------------------------------+--------------------+--------------------+


+------------------------------------------+
; Parallel Compilation                     ;
+----------------------------+-------------+
; Processors                 ; Number      ;
+----------------------------+-------------+
; Number detected on machine ; 8           ;
; Maximum allowed            ; 4           ;
;                            ;             ;
; Average used               ; 1.00        ;
; Maximum used               ; 1           ;
;                            ;             ;
; Usage by Processor         ; % Time Used ;
;     Processor 1            ; 100.0%      ;
;     Processors 2-8         ;   0.0%      ;
+----------------------------+-------------+


+------------------------------------------------------------------------------------------------------------------------------------------------------------------+
; Analysis & Synthesis Source Files Read                                                                                                                           ;
+----------------------------------+-----------------+------------------------------+--------------------------------------------------------------------+---------+
; File Name with User-Entered Path ; Used in Netlist ; File Type                    ; File Name with Absolute Path                                       ; Library ;
+----------------------------------+-----------------+------------------------------+--------------------------------------------------------------------+---------+
; exercise1.v                      ; yes             ; User Verilog HDL File        ; D:/AFPGA/EX1/exercise1.v                                           ;         ;
; lpm_divide.tdf                   ; yes             ; Megafunction                 ; d:/altera/13.1/quartus/libraries/megafunctions/lpm_divide.tdf      ;         ;
; abs_divider.inc                  ; yes             ; Megafunction                 ; d:/altera/13.1/quartus/libraries/megafunctions/abs_divider.inc     ;         ;
; sign_div_unsign.inc              ; yes             ; Megafunction                 ; d:/altera/13.1/quartus/libraries/megafunctions/sign_div_unsign.inc ;         ;
; aglobal131.inc                   ; yes             ; Megafunction                 ; d:/altera/13.1/quartus/libraries/megafunctions/aglobal131.inc      ;         ;
; db/lpm_divide_42m.tdf            ; yes             ; Auto-Generated Megafunction  ; D:/AFPGA/EX1/db/lpm_divide_42m.tdf                                 ;         ;
; db/sign_div_unsign_7kh.tdf       ; yes             ; Auto-Generated Megafunction  ; D:/AFPGA/EX1/db/sign_div_unsign_7kh.tdf                            ;         ;
; db/alt_u_div_kse.tdf             ; yes             ; Auto-Generated Megafunction  ; D:/AFPGA/EX1/db/alt_u_div_kse.tdf                                  ;         ;
; db/lpm_divide_1am.tdf            ; yes             ; Auto-Generated Megafunction  ; D:/AFPGA/EX1/db/lpm_divide_1am.tdf                                 ;         ;
; db/lpm_divide_52m.tdf            ; yes             ; Auto-Generated Megafunction  ; D:/AFPGA/EX1/db/lpm_divide_52m.tdf                                 ;         ;
; db/sign_div_unsign_8kh.tdf       ; yes             ; Auto-Generated Megafunction  ; D:/AFPGA/EX1/db/sign_div_unsign_8kh.tdf                            ;         ;
; db/alt_u_div_mse.tdf             ; yes             ; Auto-Generated Megafunction  ; D:/AFPGA/EX1/db/alt_u_div_mse.tdf                                  ;         ;
; db/lpm_divide_2am.tdf            ; yes             ; Auto-Generated Megafunction  ; D:/AFPGA/EX1/db/lpm_divide_2am.tdf                                 ;         ;
+----------------------------------+-----------------+------------------------------+--------------------------------------------------------------------+---------+


+------------------------------------------------------------------------------------------------------------------------------------------------------+
; Analysis & Synthesis Resource Usage Summary                                                                                                          ;
+---------------------------------------------+--------------------------------------------------------------------------------------------------------+
; Resource                                    ; Usage                                                                                                  ;
+---------------------------------------------+--------------------------------------------------------------------------------------------------------+
; Estimate of Logic utilization (ALMs needed) ; 50                                                                                                     ;
;                                             ;                                                                                                        ;
; Combinational ALUT usage for logic          ; 98                                                                                                     ;
;     -- 7 input functions                    ; 0                                                                                                      ;
;     -- 6 input functions                    ; 1                                                                                                      ;
;     -- 5 input functions                    ; 5                                                                                                      ;
;     -- 4 input functions                    ; 26                                                                                                     ;
;     -- <=3 input functions                  ; 66                                                                                                     ;
;                                             ;                                                                                                        ;
; Dedicated logic registers                   ; 0                                                                                                      ;
;                                             ;                                                                                                        ;
; I/O pins                                    ; 78                                                                                                     ;
; Total DSP Blocks                            ; 0                                                                                                      ;
; Maximum fan-out node                        ; lpm_divide:Div2|lpm_divide_2am:auto_generated|sign_div_unsign_8kh:divider|alt_u_div_mse:divider|op_4~1 ;
; Maximum fan-out                             ; 9                                                                                                      ;
; Total fan-out                               ; 386                                                                                                    ;
; Average fan-out                             ; 1.52                                                                                                   ;
+---------------------------------------------+--------------------------------------------------------------------------------------------------------+


+--------------------------------------------------------------------------------------------------------------------------------------------------------------------------------------------------------------------------------------------------------------+
; Analysis & Synthesis Resource Utilization by Entity                                                                                                                                                                                                          ;
+----------------------------------------+-------------------+--------------+-------------------+------------+------+--------------+------------------------------------------------------------------------------------------------------------+--------------+
; Compilation Hierarchy Node             ; LC Combinationals ; LC Registers ; Block Memory Bits ; DSP Blocks ; Pins ; Virtual Pins ; Full Hierarchy Name                                                                                        ; Library Name ;
+----------------------------------------+-------------------+--------------+-------------------+------------+------+--------------+------------------------------------------------------------------------------------------------------------+--------------+
; |exercise1                             ; 98 (1)            ; 0 (0)        ; 0                 ; 0          ; 78   ; 0            ; |exercise1                                                                                                 ; work         ;
;    |Four_bit_FA:comb_12|               ; 9 (0)             ; 0 (0)        ; 0                 ; 0          ; 0    ; 0            ; |exercise1|Four_bit_FA:comb_12                                                                             ; work         ;
;       |FullAdder:comb_3|               ; 1 (1)             ; 0 (0)        ; 0                 ; 0          ; 0    ; 0            ; |exercise1|Four_bit_FA:comb_12|FullAdder:comb_3                                                            ; work         ;
;       |FullAdder:comb_4|               ; 2 (2)             ; 0 (0)        ; 0                 ; 0          ; 0    ; 0            ; |exercise1|Four_bit_FA:comb_12|FullAdder:comb_4                                                            ; work         ;
;       |FullAdder:comb_5|               ; 3 (3)             ; 0 (0)        ; 0                 ; 0          ; 0    ; 0            ; |exercise1|Four_bit_FA:comb_12|FullAdder:comb_5                                                            ; work         ;
;       |FullAdder:comb_6|               ; 3 (3)             ; 0 (0)        ; 0                 ; 0          ; 0    ; 0            ; |exercise1|Four_bit_FA:comb_12|FullAdder:comb_6                                                            ; work         ;
;    |lpm_divide:Div0|                   ; 5 (0)             ; 0 (0)        ; 0                 ; 0          ; 0    ; 0            ; |exercise1|lpm_divide:Div0                                                                                 ; work         ;
;       |lpm_divide_1am:auto_generated|  ; 5 (0)             ; 0 (0)        ; 0                 ; 0          ; 0    ; 0            ; |exercise1|lpm_divide:Div0|lpm_divide_1am:auto_generated                                                   ; work         ;
;          |sign_div_unsign_7kh:divider| ; 5 (0)             ; 0 (0)        ; 0                 ; 0          ; 0    ; 0            ; |exercise1|lpm_divide:Div0|lpm_divide_1am:auto_generated|sign_div_unsign_7kh:divider                       ; work         ;
;             |alt_u_div_kse:divider|    ; 5 (5)             ; 0 (0)        ; 0                 ; 0          ; 0    ; 0            ; |exercise1|lpm_divide:Div0|lpm_divide_1am:auto_generated|sign_div_unsign_7kh:divider|alt_u_div_kse:divider ; work         ;
;    |lpm_divide:Div1|                   ; 5 (0)             ; 0 (0)        ; 0                 ; 0          ; 0    ; 0            ; |exercise1|lpm_divide:Div1                                                                                 ; work         ;
;       |lpm_divide_1am:auto_generated|  ; 5 (0)             ; 0 (0)        ; 0                 ; 0          ; 0    ; 0            ; |exercise1|lpm_divide:Div1|lpm_divide_1am:auto_generated                                                   ; work         ;
;          |sign_div_unsign_7kh:divider| ; 5 (0)             ; 0 (0)        ; 0                 ; 0          ; 0    ; 0            ; |exercise1|lpm_divide:Div1|lpm_divide_1am:auto_generated|sign_div_unsign_7kh:divider                       ; work         ;
;             |alt_u_div_kse:divider|    ; 5 (5)             ; 0 (0)        ; 0                 ; 0          ; 0    ; 0            ; |exercise1|lpm_divide:Div1|lpm_divide_1am:auto_generated|sign_div_unsign_7kh:divider|alt_u_div_kse:divider ; work         ;
;    |lpm_divide:Div2|                   ; 16 (0)            ; 0 (0)        ; 0                 ; 0          ; 0    ; 0            ; |exercise1|lpm_divide:Div2                                                                                 ; work         ;
;       |lpm_divide_2am:auto_generated|  ; 16 (0)            ; 0 (0)        ; 0                 ; 0          ; 0    ; 0            ; |exercise1|lpm_divide:Div2|lpm_divide_2am:auto_generated                                                   ; work         ;
;          |sign_div_unsign_8kh:divider| ; 16 (0)            ; 0 (0)        ; 0                 ; 0          ; 0    ; 0            ; |exercise1|lpm_divide:Div2|lpm_divide_2am:auto_generated|sign_div_unsign_8kh:divider                       ; work         ;
;             |alt_u_div_mse:divider|    ; 16 (16)           ; 0 (0)        ; 0                 ; 0          ; 0    ; 0            ; |exercise1|lpm_divide:Div2|lpm_divide_2am:auto_generated|sign_div_unsign_8kh:divider|alt_u_div_mse:divider ; work         ;
;    |lpm_divide:Mod0|                   ; 9 (0)             ; 0 (0)        ; 0                 ; 0          ; 0    ; 0            ; |exercise1|lpm_divide:Mod0                                                                                 ; work         ;
;       |lpm_divide_42m:auto_generated|  ; 9 (0)             ; 0 (0)        ; 0                 ; 0          ; 0    ; 0            ; |exercise1|lpm_divide:Mod0|lpm_divide_42m:auto_generated                                                   ; work         ;
;          |sign_div_unsign_7kh:divider| ; 9 (0)             ; 0 (0)        ; 0                 ; 0          ; 0    ; 0            ; |exercise1|lpm_divide:Mod0|lpm_divide_42m:auto_generated|sign_div_unsign_7kh:divider                       ; work         ;
;             |alt_u_div_kse:divider|    ; 9 (9)             ; 0 (0)        ; 0                 ; 0          ; 0    ; 0            ; |exercise1|lpm_divide:Mod0|lpm_divide_42m:auto_generated|sign_div_unsign_7kh:divider|alt_u_div_kse:divider ; work         ;
;    |lpm_divide:Mod1|                   ; 9 (0)             ; 0 (0)        ; 0                 ; 0          ; 0    ; 0            ; |exercise1|lpm_divide:Mod1                                                                                 ; work         ;
;       |lpm_divide_42m:auto_generated|  ; 9 (0)             ; 0 (0)        ; 0                 ; 0          ; 0    ; 0            ; |exercise1|lpm_divide:Mod1|lpm_divide_42m:auto_generated                                                   ; work         ;
;          |sign_div_unsign_7kh:divider| ; 9 (0)             ; 0 (0)        ; 0                 ; 0          ; 0    ; 0            ; |exercise1|lpm_divide:Mod1|lpm_divide_42m:auto_generated|sign_div_unsign_7kh:divider                       ; work         ;
;             |alt_u_div_kse:divider|    ; 9 (9)             ; 0 (0)        ; 0                 ; 0          ; 0    ; 0            ; |exercise1|lpm_divide:Mod1|lpm_divide_42m:auto_generated|sign_div_unsign_7kh:divider|alt_u_div_kse:divider ; work         ;
;    |lpm_divide:Mod2|                   ; 20 (0)            ; 0 (0)        ; 0                 ; 0          ; 0    ; 0            ; |exercise1|lpm_divide:Mod2                                                                                 ; work         ;
;       |lpm_divide_52m:auto_generated|  ; 20 (0)            ; 0 (0)        ; 0                 ; 0          ; 0    ; 0            ; |exercise1|lpm_divide:Mod2|lpm_divide_52m:auto_generated                                                   ; work         ;
;          |sign_div_unsign_8kh:divider| ; 20 (0)            ; 0 (0)        ; 0                 ; 0          ; 0    ; 0            ; |exercise1|lpm_divide:Mod2|lpm_divide_52m:auto_generated|sign_div_unsign_8kh:divider                       ; work         ;
;             |alt_u_div_mse:divider|    ; 20 (20)           ; 0 (0)        ; 0                 ; 0          ; 0    ; 0            ; |exercise1|lpm_divide:Mod2|lpm_divide_52m:auto_generated|sign_div_unsign_8kh:divider|alt_u_div_mse:divider ; work         ;
;    |seven:comb_40|                     ; 7 (7)             ; 0 (0)        ; 0                 ; 0          ; 0    ; 0            ; |exercise1|seven:comb_40                                                                                   ; work         ;
;    |seven:comb_42|                     ; 7 (7)             ; 0 (0)        ; 0                 ; 0          ; 0    ; 0            ; |exercise1|seven:comb_42                                                                                   ; work         ;
;    |seven:comb_44|                     ; 7 (7)             ; 0 (0)        ; 0                 ; 0          ; 0    ; 0            ; |exercise1|seven:comb_44                                                                                   ; work         ;
;    |seven:comb_45|                     ; 3 (3)             ; 0 (0)        ; 0                 ; 0          ; 0    ; 0            ; |exercise1|seven:comb_45                                                                                   ; work         ;
+----------------------------------------+-------------------+--------------+-------------------+------------+------+--------------+------------------------------------------------------------------------------------------------------------+--------------+
Note: For table entries with two numbers listed, the numbers in parentheses indicate the number of resources of the given type used by the specific entity alone. The numbers listed outside of parentheses indicate the total resources of the given type used by the specific entity and all of its sub-entities in the hierarchy.


+------------------------------------------------------+
; General Register Statistics                          ;
+----------------------------------------------+-------+
; Statistic                                    ; Value ;
+----------------------------------------------+-------+
; Total registers                              ; 0     ;
; Number of registers using Synchronous Clear  ; 0     ;
; Number of registers using Synchronous Load   ; 0     ;
; Number of registers using Asynchronous Clear ; 0     ;
; Number of registers using Asynchronous Load  ; 0     ;
; Number of registers using Clock Enable       ; 0     ;
; Number of registers using Preset             ; 0     ;
+----------------------------------------------+-------+


+------------------------------------------------------------------+
; Parameter Settings for Inferred Entity Instance: lpm_divide:Mod1 ;
+------------------------+----------------+------------------------+
; Parameter Name         ; Value          ; Type                   ;
+------------------------+----------------+------------------------+
; LPM_WIDTHN             ; 4              ; Untyped                ;
; LPM_WIDTHD             ; 4              ; Untyped                ;
; LPM_NREPRESENTATION    ; UNSIGNED       ; Untyped                ;
; LPM_DREPRESENTATION    ; UNSIGNED       ; Untyped                ;
; LPM_PIPELINE           ; 0              ; Untyped                ;
; LPM_REMAINDERPOSITIVE  ; TRUE           ; Untyped                ;
; MAXIMIZE_SPEED         ; 5              ; Untyped                ;
; CBXI_PARAMETER         ; lpm_divide_42m ; Untyped                ;
; CARRY_CHAIN            ; MANUAL         ; Untyped                ;
; OPTIMIZE_FOR_SPEED     ; 5              ; Untyped                ;
; AUTO_CARRY_CHAINS      ; ON             ; AUTO_CARRY             ;
; IGNORE_CARRY_BUFFERS   ; OFF            ; IGNORE_CARRY           ;
; AUTO_CASCADE_CHAINS    ; ON             ; AUTO_CASCADE           ;
; IGNORE_CASCADE_BUFFERS ; OFF            ; IGNORE_CASCADE         ;
+------------------------+----------------+------------------------+
Note: In order to hide this table in the UI and the text report file, please set the "Show Parameter Settings in Synthesis Report" option in "Analysis and Synthesis Settings -> More Settings" to "Off".


+------------------------------------------------------------------+
; Parameter Settings for Inferred Entity Instance: lpm_divide:Div1 ;
+------------------------+----------------+------------------------+
; Parameter Name         ; Value          ; Type                   ;
+------------------------+----------------+------------------------+
; LPM_WIDTHN             ; 4              ; Untyped                ;
; LPM_WIDTHD             ; 4              ; Untyped                ;
; LPM_NREPRESENTATION    ; UNSIGNED       ; Untyped                ;
; LPM_DREPRESENTATION    ; UNSIGNED       ; Untyped                ;
; LPM_PIPELINE           ; 0              ; Untyped                ;
; LPM_REMAINDERPOSITIVE  ; TRUE           ; Untyped                ;
; MAXIMIZE_SPEED         ; 5              ; Untyped                ;
; CBXI_PARAMETER         ; lpm_divide_1am ; Untyped                ;
; CARRY_CHAIN            ; MANUAL         ; Untyped                ;
; OPTIMIZE_FOR_SPEED     ; 5              ; Untyped                ;
; AUTO_CARRY_CHAINS      ; ON             ; AUTO_CARRY             ;
; IGNORE_CARRY_BUFFERS   ; OFF            ; IGNORE_CARRY           ;
; AUTO_CASCADE_CHAINS    ; ON             ; AUTO_CASCADE           ;
; IGNORE_CASCADE_BUFFERS ; OFF            ; IGNORE_CASCADE         ;
+------------------------+----------------+------------------------+
Note: In order to hide this table in the UI and the text report file, please set the "Show Parameter Settings in Synthesis Report" option in "Analysis and Synthesis Settings -> More Settings" to "Off".


+------------------------------------------------------------------+
; Parameter Settings for Inferred Entity Instance: lpm_divide:Mod0 ;
+------------------------+----------------+------------------------+
; Parameter Name         ; Value          ; Type                   ;
+------------------------+----------------+------------------------+
; LPM_WIDTHN             ; 4              ; Untyped                ;
; LPM_WIDTHD             ; 4              ; Untyped                ;
; LPM_NREPRESENTATION    ; UNSIGNED       ; Untyped                ;
; LPM_DREPRESENTATION    ; UNSIGNED       ; Untyped                ;
; LPM_PIPELINE           ; 0              ; Untyped                ;
; LPM_REMAINDERPOSITIVE  ; TRUE           ; Untyped                ;
; MAXIMIZE_SPEED         ; 5              ; Untyped                ;
; CBXI_PARAMETER         ; lpm_divide_42m ; Untyped                ;
; CARRY_CHAIN            ; MANUAL         ; Untyped                ;
; OPTIMIZE_FOR_SPEED     ; 5              ; Untyped                ;
; AUTO_CARRY_CHAINS      ; ON             ; AUTO_CARRY             ;
; IGNORE_CARRY_BUFFERS   ; OFF            ; IGNORE_CARRY           ;
; AUTO_CASCADE_CHAINS    ; ON             ; AUTO_CASCADE           ;
; IGNORE_CASCADE_BUFFERS ; OFF            ; IGNORE_CASCADE         ;
+------------------------+----------------+------------------------+
Note: In order to hide this table in the UI and the text report file, please set the "Show Parameter Settings in Synthesis Report" option in "Analysis and Synthesis Settings -> More Settings" to "Off".


+------------------------------------------------------------------+
; Parameter Settings for Inferred Entity Instance: lpm_divide:Div0 ;
+------------------------+----------------+------------------------+
; Parameter Name         ; Value          ; Type                   ;
+------------------------+----------------+------------------------+
; LPM_WIDTHN             ; 4              ; Untyped                ;
; LPM_WIDTHD             ; 4              ; Untyped                ;
; LPM_NREPRESENTATION    ; UNSIGNED       ; Untyped                ;
; LPM_DREPRESENTATION    ; UNSIGNED       ; Untyped                ;
; LPM_PIPELINE           ; 0              ; Untyped                ;
; LPM_REMAINDERPOSITIVE  ; TRUE           ; Untyped                ;
; MAXIMIZE_SPEED         ; 5              ; Untyped                ;
; CBXI_PARAMETER         ; lpm_divide_1am ; Untyped                ;
; CARRY_CHAIN            ; MANUAL         ; Untyped                ;
; OPTIMIZE_FOR_SPEED     ; 5              ; Untyped                ;
; AUTO_CARRY_CHAINS      ; ON             ; AUTO_CARRY             ;
; IGNORE_CARRY_BUFFERS   ; OFF            ; IGNORE_CARRY           ;
; AUTO_CASCADE_CHAINS    ; ON             ; AUTO_CASCADE           ;
; IGNORE_CASCADE_BUFFERS ; OFF            ; IGNORE_CASCADE         ;
+------------------------+----------------+------------------------+
Note: In order to hide this table in the UI and the text report file, please set the "Show Parameter Settings in Synthesis Report" option in "Analysis and Synthesis Settings -> More Settings" to "Off".


+------------------------------------------------------------------+
; Parameter Settings for Inferred Entity Instance: lpm_divide:Mod2 ;
+------------------------+----------------+------------------------+
; Parameter Name         ; Value          ; Type                   ;
+------------------------+----------------+------------------------+
; LPM_WIDTHN             ; 5              ; Untyped                ;
; LPM_WIDTHD             ; 4              ; Untyped                ;
; LPM_NREPRESENTATION    ; UNSIGNED       ; Untyped                ;
; LPM_DREPRESENTATION    ; UNSIGNED       ; Untyped                ;
; LPM_PIPELINE           ; 0              ; Untyped                ;
; LPM_REMAINDERPOSITIVE  ; TRUE           ; Untyped                ;
; MAXIMIZE_SPEED         ; 5              ; Untyped                ;
; CBXI_PARAMETER         ; lpm_divide_52m ; Untyped                ;
; CARRY_CHAIN            ; MANUAL         ; Untyped                ;
; OPTIMIZE_FOR_SPEED     ; 5              ; Untyped                ;
; AUTO_CARRY_CHAINS      ; ON             ; AUTO_CARRY             ;
; IGNORE_CARRY_BUFFERS   ; OFF            ; IGNORE_CARRY           ;
; AUTO_CASCADE_CHAINS    ; ON             ; AUTO_CASCADE           ;
; IGNORE_CASCADE_BUFFERS ; OFF            ; IGNORE_CASCADE         ;
+------------------------+----------------+------------------------+
Note: In order to hide this table in the UI and the text report file, please set the "Show Parameter Settings in Synthesis Report" option in "Analysis and Synthesis Settings -> More Settings" to "Off".


+------------------------------------------------------------------+
; Parameter Settings for Inferred Entity Instance: lpm_divide:Div2 ;
+------------------------+----------------+------------------------+
; Parameter Name         ; Value          ; Type                   ;
+------------------------+----------------+------------------------+
; LPM_WIDTHN             ; 5              ; Untyped                ;
; LPM_WIDTHD             ; 4              ; Untyped                ;
; LPM_NREPRESENTATION    ; UNSIGNED       ; Untyped                ;
; LPM_DREPRESENTATION    ; UNSIGNED       ; Untyped                ;
; LPM_PIPELINE           ; 0              ; Untyped                ;
; LPM_REMAINDERPOSITIVE  ; TRUE           ; Untyped                ;
; MAXIMIZE_SPEED         ; 5              ; Untyped                ;
; CBXI_PARAMETER         ; lpm_divide_2am ; Untyped                ;
; CARRY_CHAIN            ; MANUAL         ; Untyped                ;
; OPTIMIZE_FOR_SPEED     ; 5              ; Untyped                ;
; AUTO_CARRY_CHAINS      ; ON             ; AUTO_CARRY             ;
; IGNORE_CARRY_BUFFERS   ; OFF            ; IGNORE_CARRY           ;
; AUTO_CASCADE_CHAINS    ; ON             ; AUTO_CASCADE           ;
; IGNORE_CASCADE_BUFFERS ; OFF            ; IGNORE_CASCADE         ;
+------------------------+----------------+------------------------+
Note: In order to hide this table in the UI and the text report file, please set the "Show Parameter Settings in Synthesis Report" option in "Analysis and Synthesis Settings -> More Settings" to "Off".


+-------------------------------+
; Elapsed Time Per Partition    ;
+----------------+--------------+
; Partition Name ; Elapsed Time ;
+----------------+--------------+
; Top            ; 00:00:03     ;
+----------------+--------------+


+-------------------------------+
; Analysis & Synthesis Messages ;
+-------------------------------+
Info: *******************************************************************
Info: Running Quartus II 64-Bit Analysis & Synthesis
    Info: Version 13.1.0 Build 162 10/23/2013 SJ Full Version
    Info: Processing started: Thu Jul 06 18:31:32 2023
Info: Command: quartus_map --read_settings_files=on --write_settings_files=off exercise1 -c exercise1
Info (11104): Parallel Compilation has detected 8 hyper-threaded processors. However, the extra hyper-threaded processors will not be used by default. Parallel Compilation will use 4 of the 4 physical processors detected instead.
Info (12021): Found 4 design units, including 4 entities, in source file exercise1.v
    Info (12023): Found entity 1: exercise1
    Info (12023): Found entity 2: Four_bit_FA
    Info (12023): Found entity 3: FullAdder
    Info (12023): Found entity 4: seven
Critical Warning (10846): Verilog HDL Instantiation warning at exercise1.v(34): instance has no name
Critical Warning (10846): Verilog HDL Instantiation warning at exercise1.v(35): instance has no name
Critical Warning (10846): Verilog HDL Instantiation warning at exercise1.v(36): instance has no name
Critical Warning (10846): Verilog HDL Instantiation warning at exercise1.v(37): instance has no name
Critical Warning (10846): Verilog HDL Instantiation warning at exercise1.v(12): instance has no name
Critical Warning (10846): Verilog HDL Instantiation warning at exercise1.v(22): instance has no name
Critical Warning (10846): Verilog HDL Instantiation warning at exercise1.v(23): instance has no name
Critical Warning (10846): Verilog HDL Instantiation warning at exercise1.v(24): instance has no name
Critical Warning (10846): Verilog HDL Instantiation warning at exercise1.v(25): instance has no name
Critical Warning (10846): Verilog HDL Instantiation warning at exercise1.v(26): instance has no name
Critical Warning (10846): Verilog HDL Instantiation warning at exercise1.v(27): instance has no name
Info (12127): Elaborating entity "exercise1" for the top level hierarchy
Warning (10230): Verilog HDL assignment warning at exercise1.v(13): truncated value with size 32 to match size of target (4)
Warning (10230): Verilog HDL assignment warning at exercise1.v(14): truncated value with size 32 to match size of target (4)
Warning (10230): Verilog HDL assignment warning at exercise1.v(15): truncated value with size 32 to match size of target (4)
Warning (10230): Verilog HDL assignment warning at exercise1.v(16): truncated value with size 32 to match size of target (4)
Warning (10230): Verilog HDL assignment warning at exercise1.v(17): truncated value with size 32 to match size of target (4)
Warning (10230): Verilog HDL assignment warning at exercise1.v(18): truncated value with size 32 to match size of target (4)
Warning (10230): Verilog HDL assignment warning at exercise1.v(19): truncated value with size 32 to match size of target (1)
Info (12128): Elaborating entity "Four_bit_FA" for hierarchy "Four_bit_FA:comb_12"
Info (12128): Elaborating entity "FullAdder" for hierarchy "Four_bit_FA:comb_12|FullAdder:comb_3"
Info (12128): Elaborating entity "seven" for hierarchy "seven:comb_40"
Warning (10230): Verilog HDL assignment warning at exercise1.v(50): truncated value with size 32 to match size of target (1)
Warning (10230): Verilog HDL assignment warning at exercise1.v(51): truncated value with size 32 to match size of target (1)
Warning (10230): Verilog HDL assignment warning at exercise1.v(52): truncated value with size 32 to match size of target (1)
Warning (10230): Verilog HDL assignment warning at exercise1.v(53): truncated value with size 32 to match size of target (1)
Warning (10230): Verilog HDL assignment warning at exercise1.v(54): truncated value with size 32 to match size of target (1)
Warning (10230): Verilog HDL assignment warning at exercise1.v(55): truncated value with size 32 to match size of target (1)
Warning (10230): Verilog HDL assignment warning at exercise1.v(56): truncated value with size 32 to match size of target (1)
Info (278001): Inferred 6 megafunctions from design logic
    Info (278004): Inferred divider/modulo megafunction ("lpm_divide") from the following logic: "Mod1"
    Info (278004): Inferred divider/modulo megafunction ("lpm_divide") from the following logic: "Div1"
    Info (278004): Inferred divider/modulo megafunction ("lpm_divide") from the following logic: "Mod0"
    Info (278004): Inferred divider/modulo megafunction ("lpm_divide") from the following logic: "Div0"
    Info (278004): Inferred divider/modulo megafunction ("lpm_divide") from the following logic: "Mod2"
    Info (278004): Inferred divider/modulo megafunction ("lpm_divide") from the following logic: "Div2"
Info (12130): Elaborated megafunction instantiation "lpm_divide:Mod1"
Info (12133): Instantiated megafunction "lpm_divide:Mod1" with the following parameter:
    Info (12134): Parameter "LPM_WIDTHN" = "4"
    Info (12134): Parameter "LPM_WIDTHD" = "4"
    Info (12134): Parameter "LPM_NREPRESENTATION" = "UNSIGNED"
    Info (12134): Parameter "LPM_DREPRESENTATION" = "UNSIGNED"
Info (12021): Found 1 design units, including 1 entities, in source file db/lpm_divide_42m.tdf
    Info (12023): Found entity 1: lpm_divide_42m
Info (12021): Found 1 design units, including 1 entities, in source file db/sign_div_unsign_7kh.tdf
    Info (12023): Found entity 1: sign_div_unsign_7kh
Info (12021): Found 1 design units, including 1 entities, in source file db/alt_u_div_kse.tdf
    Info (12023): Found entity 1: alt_u_div_kse
Info (12130): Elaborated megafunction instantiation "lpm_divide:Div1"
Info (12133): Instantiated megafunction "lpm_divide:Div1" with the following parameter:
    Info (12134): Parameter "LPM_WIDTHN" = "4"
    Info (12134): Parameter "LPM_WIDTHD" = "4"
    Info (12134): Parameter "LPM_NREPRESENTATION" = "UNSIGNED"
    Info (12134): Parameter "LPM_DREPRESENTATION" = "UNSIGNED"
Info (12021): Found 1 design units, including 1 entities, in source file db/lpm_divide_1am.tdf
    Info (12023): Found entity 1: lpm_divide_1am
Info (12130): Elaborated megafunction instantiation "lpm_divide:Mod2"
Info (12133): Instantiated megafunction "lpm_divide:Mod2" with the following parameter:
    Info (12134): Parameter "LPM_WIDTHN" = "5"
    Info (12134): Parameter "LPM_WIDTHD" = "4"
    Info (12134): Parameter "LPM_NREPRESENTATION" = "UNSIGNED"
    Info (12134): Parameter "LPM_DREPRESENTATION" = "UNSIGNED"
Info (12021): Found 1 design units, including 1 entities, in source file db/lpm_divide_52m.tdf
    Info (12023): Found entity 1: lpm_divide_52m
Info (12021): Found 1 design units, including 1 entities, in source file db/sign_div_unsign_8kh.tdf
    Info (12023): Found entity 1: sign_div_unsign_8kh
Info (12021): Found 1 design units, including 1 entities, in source file db/alt_u_div_mse.tdf
    Info (12023): Found entity 1: alt_u_div_mse
Info (12130): Elaborated megafunction instantiation "lpm_divide:Div2"
Info (12133): Instantiated megafunction "lpm_divide:Div2" with the following parameter:
    Info (12134): Parameter "LPM_WIDTHN" = "5"
    Info (12134): Parameter "LPM_WIDTHD" = "4"
    Info (12134): Parameter "LPM_NREPRESENTATION" = "UNSIGNED"
    Info (12134): Parameter "LPM_DREPRESENTATION" = "UNSIGNED"
Info (12021): Found 1 design units, including 1 entities, in source file db/lpm_divide_2am.tdf
    Info (12023): Found entity 1: lpm_divide_2am
Warning (13024): Output pins are stuck at VCC or GND
    Warning (13410): Pin "HEX1[1]" is stuck at GND
    Warning (13410): Pin "HEX1[2]" is stuck at GND
    Warning (13410): Pin "HEX1[6]" is stuck at VCC
    Warning (13410): Pin "HEX3[1]" is stuck at GND
    Warning (13410): Pin "HEX3[2]" is stuck at GND
    Warning (13410): Pin "HEX3[6]" is stuck at VCC
    Warning (13410): Pin "HEX5[1]" is stuck at GND
    Warning (13410): Pin "LEDR[0]" is stuck at GND
    Warning (13410): Pin "LEDR[1]" is stuck at GND
    Warning (13410): Pin "LEDR[2]" is stuck at GND
    Warning (13410): Pin "LEDR[3]" is stuck at GND
    Warning (13410): Pin "LEDR[4]" is stuck at GND
    Warning (13410): Pin "LEDR[5]" is stuck at GND
    Warning (13410): Pin "LEDR[6]" is stuck at GND
    Warning (13410): Pin "LEDR[7]" is stuck at GND
    Warning (13410): Pin "LEDR[8]" is stuck at GND
    Warning (13410): Pin "LEDR[10]" is stuck at GND
    Warning (13410): Pin "LEDR[11]" is stuck at GND
    Warning (13410): Pin "LEDR[12]" is stuck at GND
    Warning (13410): Pin "LEDR[13]" is stuck at GND
    Warning (13410): Pin "LEDR[14]" is stuck at GND
    Warning (13410): Pin "LEDR[15]" is stuck at GND
    Warning (13410): Pin "LEDR[16]" is stuck at GND
    Warning (13410): Pin "LEDR[17]" is stuck at GND
Info (286030): Timing-Driven Synthesis is running
Info (16010): Generating hard_block partition "hard_block:auto_generated_inst"
    Info (16011): Adding 0 node(s), including 0 DDIO, 0 PLL, 0 transceiver and 0 LCELL
Warning (21074): Design contains 9 input pin(s) that do not drive logic
    Warning (15610): No output dependent on input pin "SW[9]"
    Warning (15610): No output dependent on input pin "SW[10]"
    Warning (15610): No output dependent on input pin "SW[11]"
    Warning (15610): No output dependent on input pin "SW[12]"
    Warning (15610): No output dependent on input pin "SW[13]"
    Warning (15610): No output dependent on input pin "SW[14]"
    Warning (15610): No output dependent on input pin "SW[15]"
    Warning (15610): No output dependent on input pin "SW[16]"
    Warning (15610): No output dependent on input pin "SW[17]"
Info (21057): Implemented 176 device resources after synthesis - the final resource count might be different
    Info (21058): Implemented 18 input pins
    Info (21059): Implemented 60 output pins
    Info (21061): Implemented 98 logic cells
Info: Quartus II 64-Bit Analysis & Synthesis was successful. 0 errors, 60 warnings
    Info: Peak virtual memory: 4712 megabytes
    Info: Processing ended: Thu Jul 06 18:31:52 2023
    Info: Elapsed time: 00:00:20
    Info: Total CPU time (on all processors): 00:00:02


